2025-04-24 16:56:59.175 - DBeaver 24.3.4.202502021521 is starting
2025-04-24 16:56:59.177 - OS: Windows 10 10.0 (amd64)
2025-04-24 16:56:59.177 - Java version: 21.0.5 by Eclipse Adoptium (64bit)
2025-04-24 16:56:59.178 - Install path: 'C:\Users\Egorgorgor\AppData\Local\DBeaver'
2025-04-24 16:56:59.178 - Instance path: 'file:/C:/Users/Egorgorgor/AppData/Roaming/DBeaverData/workspace6/'
2025-04-24 16:56:59.180 - Memory available 64Mb/1024Mb
2025-04-24 16:56:59.180 - Platform not initialized: metadata folder may be not set
2025-04-24 16:56:59.191 - Create display
2025-04-24 16:56:59.287 - Initialize desktop platform...
2025-04-24 16:56:59.426 - BounceCastle bundle found. Use JCE provider BC
> Start Core File Systems [org.eclipse.core.filesystem 1.11.100.v20241022-0806]
> Start Core Resource Management [org.eclipse.core.resources 3.22.0.v20241001-1711]
> Start Ядро поддержки совместной работы [org.eclipse.team.core 3.10.500.v20240621-0541]
> Start DBeaver UI Navigator [org.jkiss.dbeaver.ui.navigator 1.0.148.202502021521]
2025-04-24 16:56:59.641 - Initialize base platform...
> Start DBeaver UI Editors - Base [org.jkiss.dbeaver.ui.editors.base 1.0.148.202502021521]
2025-04-24 16:56:59.664 - Platform initialized (377ms)
2025-04-24 16:56:59.716 - Starting instance server at http://localhost:56382
2025-04-24 16:56:59.728 - Run workbench
> Start Eclipse e4 SWT рабочая среда [org.eclipse.e4.ui.workbench.swt 0.17.600.v20241015-1729]
> Start Eclipse Application Services [org.eclipse.e4.core.services 2.5.0.v20241015-2219]
> Start Eclipse UI Application Services [org.eclipse.e4.ui.services 1.6.400.v20241015-1729]
> Start Eclipse e4 Progress View [org.eclipse.e4.ui.progress 0.4.700.v20241015-1729]
> Start Eclipse Bindings Support [org.eclipse.e4.ui.bindings 0.14.500.v20241015-1729]
> Start Eclipse e4 core commands [org.eclipse.e4.core.commands 1.1.500.v20241015-1729]
> Start EMF XML/XMI Persistence [org.eclipse.emf.ecore.xmi 2.38.0.v20240721-0634]
> Start Eclipse CSS SWT Theme Support [org.eclipse.e4.ui.css.swt.theme 0.14.400.v20240424-0956]
> Start Eclipse e4 дополнения рабочей среды [org.eclipse.e4.ui.workbench.addons.swt 1.5.600.v20241107-2150]
Warning: NLS unused message: Workbench_missingPropertyMessage in: org.eclipse.ui.internal.messages
Warning: NLS unused message: WorkbenchPreference_reuseEditorsThreshold in: org.eclipse.ui.internal.messages
> Start Eclipse e4 SWT визуализация рабочей среды [org.eclipse.e4.ui.workbench.renderers.swt 0.16.600.v20241008-1401]
> Start Eclipse Dependency Injection Extensions [org.eclipse.e4.core.di.extensions 0.18.300.v20240413-1529]
> Start Eclipse CSS SWT Support [org.eclipse.e4.ui.css.swt 0.15.400.v20240321-1245]
Warning: NLS unused message: UriHandlerPreferencePage_Warning_OtherApp in: org.eclipse.ui.internal.ide.messages
> Start Текстовый редактор по умолчанию [org.eclipse.ui.editors 3.19.0.v20241106-0945]
> Start Структура Текстового Редактора [org.eclipse.ui.workbench.texteditor 3.19.0.v20241112-1917]
2025-04-24 16:57:01.441 - Configure workbench window
> Start DBeaver SQL Model [org.jkiss.dbeaver.model.sql 1.0.138.202502021521]
2025-04-24 16:57:01.590 - Total database drivers: 124 (124)
> Start Ядро Справочной Системы [org.eclipse.help 3.10.400.v20240415-0528]
2025-04-24 16:57:01.682 - Create actions
2025-04-24 16:57:01.692 - Disable Eclipse action set 'org.eclipse.ui.edit.text.actionSet.annotationNavigation'
2025-04-24 16:57:01.693 - Disable Eclipse action set 'org.eclipse.ui.WorkingSetActionSet'
2025-04-24 16:57:01.693 - Disable Eclipse action set 'org.eclipse.ui.actionSet.openFiles'
2025-04-24 16:57:01.693 - Create workbench actions
2025-04-24 16:57:02.096 - Initialize workbench window
2025-04-24 16:57:02.101 - Finish initialization
> Start DBeaver UI Editors - Data [org.jkiss.dbeaver.ui.editors.data 1.0.148.202502021521]
> Start DBeaver UI Editors - SQL [org.jkiss.dbeaver.ui.editors.sql 1.0.148.202502021521]
Warning: NLS unused message: FindReplace_title in: org.eclipse.ui.texteditor.EditorMessages
Warning: NLS unused message: FindReplace_Find_label in: org.eclipse.ui.texteditor.EditorMessages
Warning: NLS unused message: FindReplace_Replace_label in: org.eclipse.ui.texteditor.EditorMessages
Warning: NLS unused message: FindReplace_Direction in: org.eclipse.ui.texteditor.EditorMessages
Warning: NLS unused message: FindReplace_ForwardRadioButton_label in: org.eclipse.ui.texteditor.EditorMessages
Warning: NLS unused message: FindReplace_BackwardRadioButton_label in: org.eclipse.ui.texteditor.EditorMessages
Warning: NLS unused message: FindReplace_Scope in: org.eclipse.ui.texteditor.EditorMessages
Warning: NLS unused message: FindReplace_GlobalRadioButton_label in: org.eclipse.ui.texteditor.EditorMessages
Warning: NLS unused message: FindReplace_SelectedRangeRadioButton_label in: org.eclipse.ui.texteditor.EditorMessages
Warning: NLS unused message: FindReplace_Options in: org.eclipse.ui.texteditor.EditorMessages
Warning: NLS unused message: FindReplace_CaseCheckBox_label in: org.eclipse.ui.texteditor.EditorMessages
Warning: NLS unused message: FindReplace_WrapCheckBox_label in: org.eclipse.ui.texteditor.EditorMessages
Warning: NLS unused message: FindReplace_WholeWordCheckBox_label in: org.eclipse.ui.texteditor.EditorMessages
Warning: NLS unused message: FindReplace_IncrementalCheckBox_label in: org.eclipse.ui.texteditor.EditorMessages
Warning: NLS unused message: FindReplace_RegExCheckbox_label in: org.eclipse.ui.texteditor.EditorMessages
Warning: NLS unused message: FindReplace_FindNextButton_label in: org.eclipse.ui.texteditor.EditorMessages
Warning: NLS unused message: FindReplace_ReplaceFindButton_label in: org.eclipse.ui.texteditor.EditorMessages
Warning: NLS unused message: FindReplace_ReplaceSelectionButton_label in: org.eclipse.ui.texteditor.EditorMessages
Warning: NLS unused message: FindReplace_ReplaceAllButton_label in: org.eclipse.ui.texteditor.EditorMessages
Warning: NLS unused message: FindReplace_SelectAllButton_label in: org.eclipse.ui.texteditor.EditorMessages
Warning: NLS unused message: FindReplace_CloseButton_label in: org.eclipse.ui.texteditor.EditorMessages
Warning: NLS unused message: FindReplace_Status_noMatch_label in: org.eclipse.ui.texteditor.EditorMessages
Warning: NLS unused message: FindReplace_Status_noMatchWithValue_label in: org.eclipse.ui.texteditor.EditorMessages
Warning: NLS unused message: FindReplace_Status_replacement_label in: org.eclipse.ui.texteditor.EditorMessages
Warning: NLS unused message: FindReplace_Status_replacements_label in: org.eclipse.ui.texteditor.EditorMessages
Warning: NLS unused message: FindReplace_Status_wrapped_label in: org.eclipse.ui.texteditor.EditorMessages
> Start DBeaver SQL Terminal [org.jkiss.dbeaver.ui.editors.sql.terminal 1.0.124.202502021521]
> Start Базовая поддержка сравнения [org.eclipse.compare.core 3.8.600.v20240915-0814]
> Start Internet Connection Management UI [org.eclipse.ui.net 1.5.400.v20240413-1529]
> Start Internet Connection Management [org.eclipse.core.net 1.5.500.v20240625-1706]
> Start DBeaver Sample Database [org.jkiss.dbeaver.ext.sample.database 1.0.185.202502021521]
> Start DBeaver Tip of the day [org.jkiss.dbeaver.ext.ui.tipoftheday 1.0.154.202502021521]
> Start GEF Classic Draw2d [org.eclipse.draw2d 3.18.0.202411181923]
> Start GEF Classic GEF (MVC) [org.eclipse.gef 3.20.0.202411181923]
> Start DBeaver ERD UI [org.jkiss.dbeaver.erd.ui 3.0.108.202502021521]
> Start DBeaver ERD Model [org.jkiss.dbeaver.erd.model 1.0.108.202502021521]
> Start DBeaver Dashboard UI [org.jkiss.dbeaver.ui.dashboard 1.0.145.202502021521]
> Start DBeaver UI Editors - Connections [org.jkiss.dbeaver.ui.editors.connection 1.0.139.202502021521]
> Start DBeaver JDBC Model [org.jkiss.dbeaver.model.jdbc 1.0.41.202502021521]
> Start DBeaver PostgreSQL Model [org.jkiss.dbeaver.ext.postgresql 2.1.221.202502021521]
> Start Консоль [org.eclipse.ui.console 3.14.200.v20240918-1457]
> Start Отладка ядра [org.eclipse.debug.core 3.22.0.v20241113-1056]
> Start DBeaver Tasks - Native Tools UI [org.jkiss.dbeaver.tasks.native.ui 1.0.126.202502021521]
> Start DBeaver PostgreSQL UI [org.jkiss.dbeaver.ext.postgresql.ui 1.0.124.202502021521]
> Start DBeaver Tasks - General UI [org.jkiss.dbeaver.tasks.ui 1.0.126.202502021521]
2025-04-24 16:57:04.795 - Connect with 'postgres' (postgres-jdbc-194dfb940fe-549b27957cf9af)
> Start DBeaver GIS Support [org.jkiss.dbeaver.data.gis 1.0.172.202502021521]
2025-04-24 16:57:04.850 - Execution context opened (postgres; Main <postgres>; 0)
2025-04-24 16:57:04.853 - Initiate connection to PostgreSQL database [postgres@localhost] for Main <postgres>
2025-04-24 16:57:05.039 - FATAL: password authentication failed for user "postgres"
org.jkiss.dbeaver.model.exec.DBCConnectException: FATAL: password authentication failed for user "postgres"
	at org.jkiss.dbeaver.model.impl.jdbc.JDBCDataSource.openConnection(JDBCDataSource.java:258)
	at org.jkiss.dbeaver.model.impl.jdbc.JDBCDataSource.openConnection(JDBCDataSource.java:133)
	at org.jkiss.dbeaver.ext.postgresql.model.PostgreDataSource.openConnection(PostgreDataSource.java:558)
	at org.jkiss.dbeaver.model.impl.jdbc.JDBCExecutionContext.connect(JDBCExecutionContext.java:124)
	at org.jkiss.dbeaver.model.impl.jdbc.JDBCRemoteInstance.initializeMainContext(JDBCRemoteInstance.java:106)
	at org.jkiss.dbeaver.ext.postgresql.model.PostgreDatabase.checkInstanceConnection(PostgreDatabase.java:235)
	at org.jkiss.dbeaver.ext.postgresql.model.PostgreDatabase.<init>(PostgreDatabase.java:122)
	at org.jkiss.dbeaver.ext.postgresql.model.PostgreDataSource.createDatabaseImpl(PostgreDataSource.java:272)
	at org.jkiss.dbeaver.ext.postgresql.model.PostgreDataSource.initializeRemoteInstance(PostgreDataSource.java:166)
	at org.jkiss.dbeaver.model.impl.jdbc.JDBCDataSource.<init>(JDBCDataSource.java:109)
	at org.jkiss.dbeaver.model.impl.jdbc.JDBCDataSource.<init>(JDBCDataSource.java:100)
	at org.jkiss.dbeaver.ext.postgresql.model.PostgreDataSource.<init>(PostgreDataSource.java:106)
	at org.jkiss.dbeaver.ext.postgresql.PostgreDataSourceProvider.openDataSource(PostgreDataSourceProvider.java:115)
	at org.jkiss.dbeaver.registry.DataSourceDescriptor.openDataSource(DataSourceDescriptor.java:1417)
	at org.jkiss.dbeaver.registry.DataSourceDescriptor.connect0(DataSourceDescriptor.java:1280)
	at org.jkiss.dbeaver.registry.DataSourceDescriptor.connect(DataSourceDescriptor.java:1070)
	at org.jkiss.dbeaver.runtime.jobs.ConnectJob.run(ConnectJob.java:78)
	at org.jkiss.dbeaver.model.runtime.AbstractJob.run(AbstractJob.java:119)
	at org.eclipse.core.internal.jobs.Worker.run(Worker.java:63)
Caused by: org.postgresql.util.PSQLException: FATAL: password authentication failed for user "postgres"
	at org.postgresql.Driver$ConnectThread.getResult(Driver.java:397)
	at org.postgresql.Driver.connect(Driver.java:305)
	at org.jkiss.dbeaver.model.impl.jdbc.JDBCConnectionOpener.run(JDBCConnectionOpener.java:109)
	at org.jkiss.dbeaver.model.impl.jdbc.JDBCConnectionOpener.run(JDBCConnectionOpener.java:83)
	at org.jkiss.dbeaver.model.impl.jdbc.JDBCDataSource.openConnection(JDBCDataSource.java:214)
	... 18 more
> Start DBeaver SQL Language Semantic Model [org.jkiss.dbeaver.model.lsm 1.0.43.202502021521]
2025-04-24 16:57:06.441 - Open [https://dbeaver.io/product/version.xml]
2025-04-24 16:58:21.811 - Service 'org.jkiss.dbeaver.ui.UIServiceConnectionEditor' not found
2025-04-24 16:58:21.884 - Service 'org.jkiss.dbeaver.runtime.ui.UIServiceSecurity' not found
2025-04-24 16:58:51.748 - Connect with 'postgres 2' (postgres-jdbc-19667a9c652-2b0550fe1f34f79d)
2025-04-24 16:58:51.749 - Execution context opened (postgres 2; Main <postgres>; 1)
2025-04-24 16:58:51.749 - Initiate connection to PostgreSQL database [postgres@localhost] for Main <postgres>
2025-04-24 16:58:51.772 - FATAL: password authentication failed for user "postgres"
org.jkiss.dbeaver.model.exec.DBCConnectException: FATAL: password authentication failed for user "postgres"
	at org.jkiss.dbeaver.model.impl.jdbc.JDBCDataSource.openConnection(JDBCDataSource.java:258)
	at org.jkiss.dbeaver.model.impl.jdbc.JDBCDataSource.openConnection(JDBCDataSource.java:133)
	at org.jkiss.dbeaver.ext.postgresql.model.PostgreDataSource.openConnection(PostgreDataSource.java:558)
	at org.jkiss.dbeaver.model.impl.jdbc.JDBCExecutionContext.connect(JDBCExecutionContext.java:124)
	at org.jkiss.dbeaver.model.impl.jdbc.JDBCRemoteInstance.initializeMainContext(JDBCRemoteInstance.java:106)
	at org.jkiss.dbeaver.ext.postgresql.model.PostgreDatabase.checkInstanceConnection(PostgreDatabase.java:235)
	at org.jkiss.dbeaver.ext.postgresql.model.PostgreDatabase.<init>(PostgreDatabase.java:122)
	at org.jkiss.dbeaver.ext.postgresql.model.PostgreDataSource.createDatabaseImpl(PostgreDataSource.java:272)
	at org.jkiss.dbeaver.ext.postgresql.model.PostgreDataSource.initializeRemoteInstance(PostgreDataSource.java:166)
	at org.jkiss.dbeaver.model.impl.jdbc.JDBCDataSource.<init>(JDBCDataSource.java:109)
	at org.jkiss.dbeaver.model.impl.jdbc.JDBCDataSource.<init>(JDBCDataSource.java:100)
	at org.jkiss.dbeaver.ext.postgresql.model.PostgreDataSource.<init>(PostgreDataSource.java:106)
	at org.jkiss.dbeaver.ext.postgresql.PostgreDataSourceProvider.openDataSource(PostgreDataSourceProvider.java:115)
	at org.jkiss.dbeaver.registry.DataSourceDescriptor.openDataSource(DataSourceDescriptor.java:1417)
	at org.jkiss.dbeaver.registry.DataSourceDescriptor.connect0(DataSourceDescriptor.java:1280)
	at org.jkiss.dbeaver.registry.DataSourceDescriptor.connect(DataSourceDescriptor.java:1070)
	at org.jkiss.dbeaver.runtime.jobs.ConnectJob.run(ConnectJob.java:78)
	at org.jkiss.dbeaver.runtime.jobs.ConnectJob.runSync(ConnectJob.java:109)
	at org.jkiss.dbeaver.ui.actions.datasource.DataSourceHandler.connectToDataSource(DataSourceHandler.java:123)
	at org.jkiss.dbeaver.ui.actions.datasource.UIServiceConnectionsImpl.initConnection(UIServiceConnectionsImpl.java:87)
	at org.jkiss.dbeaver.model.DBUtils.initDataSource(DBUtils.java:2461)
	at org.jkiss.dbeaver.model.navigator.DBNDataSource.initializeNode(DBNDataSource.java:159)
	at org.jkiss.dbeaver.model.navigator.DBNDatabaseNode.getChildren(DBNDatabaseNode.java:226)
	at org.jkiss.dbeaver.model.navigator.DBNDatabaseNode.getChildren(DBNDatabaseNode.java:1)
	at org.jkiss.dbeaver.model.navigator.DBNUtils.getNodeChildrenFiltered(DBNUtils.java:94)
	at org.jkiss.dbeaver.ui.navigator.database.load.TreeLoadService.evaluate(TreeLoadService.java:49)
	at org.jkiss.dbeaver.ui.navigator.database.load.TreeLoadService.evaluate(TreeLoadService.java:1)
	at org.jkiss.dbeaver.ui.LoadingJob.run(LoadingJob.java:88)
	at org.jkiss.dbeaver.model.runtime.AbstractJob.run(AbstractJob.java:119)
	at org.eclipse.core.internal.jobs.Worker.run(Worker.java:63)
Caused by: org.postgresql.util.PSQLException: FATAL: password authentication failed for user "postgres"
	at org.postgresql.Driver$ConnectThread.getResult(Driver.java:397)
	at org.postgresql.Driver.connect(Driver.java:305)
	at org.jkiss.dbeaver.model.impl.jdbc.JDBCConnectionOpener.run(JDBCConnectionOpener.java:109)
	at org.jkiss.dbeaver.model.impl.jdbc.JDBCConnectionOpener.run(JDBCConnectionOpener.java:83)
	at org.jkiss.dbeaver.model.impl.jdbc.JDBCDataSource.openConnection(JDBCDataSource.java:214)
	... 29 more
2025-04-24 16:59:07.393 - Service 'org.jkiss.dbeaver.ui.UIServiceConnectionEditor' not found
2025-04-24 16:59:07.446 - Service 'org.jkiss.dbeaver.runtime.ui.UIServiceSecurity' not found
2025-04-24 16:59:18.684 - Connect with 'postgres 3' (postgres-jdbc-19667aa7870-3321190a49cd01a4)
2025-04-24 16:59:18.685 - Execution context opened (postgres 3; Main <postgres>; 2)
2025-04-24 16:59:18.685 - Initiate connection to PostgreSQL database [postgres@localhost] for Main <postgres>
2025-04-24 16:59:18.827 - Execution context opened (postgres 3; Metadata <postgres>; 3)
2025-04-24 16:59:18.827 - Initiate connection to PostgreSQL database [postgres@localhost] for Metadata <postgres>
2025-04-24 16:59:18.934 - Connected (postgres-jdbc-19667aa7870-3321190a49cd01a4, PostgreSQL JDBC Driver [42.7.2])
2025-04-24 16:59:42.507 - Connect with 'postgres' (postgres-jdbc-194dfb940fe-549b27957cf9af)
2025-04-24 16:59:42.508 - Execution context opened (postgres; Main <postgres>; 4)
2025-04-24 16:59:42.508 - Initiate connection to PostgreSQL database [postgres@localhost] for Main <postgres>
2025-04-24 16:59:42.522 - FATAL: password authentication failed for user "postgres"
org.jkiss.dbeaver.model.exec.DBCConnectException: FATAL: password authentication failed for user "postgres"
	at org.jkiss.dbeaver.model.impl.jdbc.JDBCDataSource.openConnection(JDBCDataSource.java:258)
	at org.jkiss.dbeaver.model.impl.jdbc.JDBCDataSource.openConnection(JDBCDataSource.java:133)
	at org.jkiss.dbeaver.ext.postgresql.model.PostgreDataSource.openConnection(PostgreDataSource.java:558)
	at org.jkiss.dbeaver.model.impl.jdbc.JDBCExecutionContext.connect(JDBCExecutionContext.java:124)
	at org.jkiss.dbeaver.model.impl.jdbc.JDBCRemoteInstance.initializeMainContext(JDBCRemoteInstance.java:106)
	at org.jkiss.dbeaver.ext.postgresql.model.PostgreDatabase.checkInstanceConnection(PostgreDatabase.java:235)
	at org.jkiss.dbeaver.ext.postgresql.model.PostgreDatabase.<init>(PostgreDatabase.java:122)
	at org.jkiss.dbeaver.ext.postgresql.model.PostgreDataSource.createDatabaseImpl(PostgreDataSource.java:272)
	at org.jkiss.dbeaver.ext.postgresql.model.PostgreDataSource.initializeRemoteInstance(PostgreDataSource.java:166)
	at org.jkiss.dbeaver.model.impl.jdbc.JDBCDataSource.<init>(JDBCDataSource.java:109)
	at org.jkiss.dbeaver.model.impl.jdbc.JDBCDataSource.<init>(JDBCDataSource.java:100)
	at org.jkiss.dbeaver.ext.postgresql.model.PostgreDataSource.<init>(PostgreDataSource.java:106)
	at org.jkiss.dbeaver.ext.postgresql.PostgreDataSourceProvider.openDataSource(PostgreDataSourceProvider.java:115)
	at org.jkiss.dbeaver.registry.DataSourceDescriptor.openDataSource(DataSourceDescriptor.java:1417)
	at org.jkiss.dbeaver.registry.DataSourceDescriptor.connect0(DataSourceDescriptor.java:1280)
	at org.jkiss.dbeaver.registry.DataSourceDescriptor.connect(DataSourceDescriptor.java:1070)
	at org.jkiss.dbeaver.runtime.jobs.ConnectJob.run(ConnectJob.java:78)
	at org.jkiss.dbeaver.model.runtime.AbstractJob.run(AbstractJob.java:119)
	at org.eclipse.core.internal.jobs.Worker.run(Worker.java:63)
Caused by: org.postgresql.util.PSQLException: FATAL: password authentication failed for user "postgres"
	at org.postgresql.Driver$ConnectThread.getResult(Driver.java:397)
	at org.postgresql.Driver.connect(Driver.java:305)
	at org.jkiss.dbeaver.model.impl.jdbc.JDBCConnectionOpener.run(JDBCConnectionOpener.java:109)
	at org.jkiss.dbeaver.model.impl.jdbc.JDBCConnectionOpener.run(JDBCConnectionOpener.java:83)
	at org.jkiss.dbeaver.model.impl.jdbc.JDBCDataSource.openConnection(JDBCDataSource.java:214)
	... 18 more
2025-04-24 16:59:51.260 - Connect with 'postgres' (postgres-jdbc-194dfb940fe-549b27957cf9af)
2025-04-24 16:59:51.261 - Execution context opened (postgres; Main <postgres>; 5)
2025-04-24 16:59:51.261 - Initiate connection to PostgreSQL database [postgres@localhost] for Main <postgres>
2025-04-24 16:59:51.275 - FATAL: password authentication failed for user "postgres"
org.jkiss.dbeaver.model.exec.DBCConnectException: FATAL: password authentication failed for user "postgres"
	at org.jkiss.dbeaver.model.impl.jdbc.JDBCDataSource.openConnection(JDBCDataSource.java:258)
	at org.jkiss.dbeaver.model.impl.jdbc.JDBCDataSource.openConnection(JDBCDataSource.java:133)
	at org.jkiss.dbeaver.ext.postgresql.model.PostgreDataSource.openConnection(PostgreDataSource.java:558)
	at org.jkiss.dbeaver.model.impl.jdbc.JDBCExecutionContext.connect(JDBCExecutionContext.java:124)
	at org.jkiss.dbeaver.model.impl.jdbc.JDBCRemoteInstance.initializeMainContext(JDBCRemoteInstance.java:106)
	at org.jkiss.dbeaver.ext.postgresql.model.PostgreDatabase.checkInstanceConnection(PostgreDatabase.java:235)
	at org.jkiss.dbeaver.ext.postgresql.model.PostgreDatabase.<init>(PostgreDatabase.java:122)
	at org.jkiss.dbeaver.ext.postgresql.model.PostgreDataSource.createDatabaseImpl(PostgreDataSource.java:272)
	at org.jkiss.dbeaver.ext.postgresql.model.PostgreDataSource.initializeRemoteInstance(PostgreDataSource.java:166)
	at org.jkiss.dbeaver.model.impl.jdbc.JDBCDataSource.<init>(JDBCDataSource.java:109)
	at org.jkiss.dbeaver.model.impl.jdbc.JDBCDataSource.<init>(JDBCDataSource.java:100)
	at org.jkiss.dbeaver.ext.postgresql.model.PostgreDataSource.<init>(PostgreDataSource.java:106)
	at org.jkiss.dbeaver.ext.postgresql.PostgreDataSourceProvider.openDataSource(PostgreDataSourceProvider.java:115)
	at org.jkiss.dbeaver.registry.DataSourceDescriptor.openDataSource(DataSourceDescriptor.java:1417)
	at org.jkiss.dbeaver.registry.DataSourceDescriptor.connect0(DataSourceDescriptor.java:1280)
	at org.jkiss.dbeaver.registry.DataSourceDescriptor.connect(DataSourceDescriptor.java:1070)
	at org.jkiss.dbeaver.runtime.jobs.ConnectJob.run(ConnectJob.java:78)
	at org.jkiss.dbeaver.model.runtime.AbstractJob.run(AbstractJob.java:119)
	at org.eclipse.core.internal.jobs.Worker.run(Worker.java:63)
Caused by: org.postgresql.util.PSQLException: FATAL: password authentication failed for user "postgres"
	at org.postgresql.Driver$ConnectThread.getResult(Driver.java:397)
	at org.postgresql.Driver.connect(Driver.java:305)
	at org.jkiss.dbeaver.model.impl.jdbc.JDBCConnectionOpener.run(JDBCConnectionOpener.java:109)
	at org.jkiss.dbeaver.model.impl.jdbc.JDBCConnectionOpener.run(JDBCConnectionOpener.java:83)
	at org.jkiss.dbeaver.model.impl.jdbc.JDBCDataSource.openConnection(JDBCDataSource.java:214)
	... 18 more
2025-04-24 17:00:28.846 - Execution context opened (postgres 3; SQLEditor <Script.sql>; 6)
2025-04-24 17:00:28.847 - Initiate connection to PostgreSQL database [postgres@localhost] for SQLEditor <Script.sql>
2025-04-24 17:43:11.010 - Execution context opened (postgres 3; SQLEditor <Script-1.sql>; 7)
2025-04-24 17:43:11.011 - Initiate connection to PostgreSQL database [postgres@localhost] for SQLEditor <Script-1.sql>
2025-04-24 17:43:34.987 - Execution context opened (postgres 3; SQLEditor <Script-2.sql>; 8)
2025-04-24 17:43:34.987 - Initiate connection to PostgreSQL database [postgres@localhost] for SQLEditor <Script-2.sql>
2025-04-24 17:43:36.559 - Execution context opened (postgres 3; SQLEditor <Script-3.sql>; 9)
2025-04-24 17:43:36.559 - Initiate connection to PostgreSQL database [postgres@localhost] for SQLEditor <Script-3.sql>
2025-04-24 17:43:37.279 - Execution context opened (postgres 3; SQLEditor <Script-4.sql>; 10)
2025-04-24 17:43:37.279 - Initiate connection to PostgreSQL database [postgres@localhost] for SQLEditor <Script-4.sql>
2025-04-24 17:43:37.930 - Execution context opened (postgres 3; SQLEditor <Script-5.sql>; 11)
2025-04-24 17:43:37.930 - Initiate connection to PostgreSQL database [postgres@localhost] for SQLEditor <Script-5.sql>
2025-04-24 17:43:38.510 - Execution context opened (postgres 3; SQLEditor <Script-6.sql>; 12)
2025-04-24 17:43:38.511 - Initiate connection to PostgreSQL database [postgres@localhost] for SQLEditor <Script-6.sql>
2025-04-24 17:43:39.220 - Execution context opened (postgres 3; SQLEditor <Script-7.sql>; 13)
2025-04-24 17:43:39.221 - Initiate connection to PostgreSQL database [postgres@localhost] for SQLEditor <Script-7.sql>
2025-04-24 17:43:39.855 - Execution context opened (postgres 3; SQLEditor <Script-8.sql>; 14)
2025-04-24 17:43:39.855 - Initiate connection to PostgreSQL database [postgres@localhost] for SQLEditor <Script-8.sql>
2025-04-24 17:43:40.504 - Execution context opened (postgres 3; SQLEditor <Script-9.sql>; 15)
2025-04-24 17:43:40.504 - Initiate connection to PostgreSQL database [postgres@localhost] for SQLEditor <Script-9.sql>
2025-04-24 17:43:41.165 - Execution context opened (postgres 3; SQLEditor <Script-10.sql>; 16)
2025-04-24 17:43:41.165 - Initiate connection to PostgreSQL database [postgres@localhost] for SQLEditor <Script-10.sql>
> Start DBeaver Tasks View [org.jkiss.dbeaver.tasks.ui.view 1.0.97.202502021521]
2025-04-24 17:46:27.027 - Resource '/General/Scripts/fill_element_type.sql' already exists.
java.lang.Exception: Resource '/General/Scripts/fill_element_type.sql' already exists.
	at org.eclipse.core.internal.resources.ResourceException.provideStackTrace(ResourceException.java:42)
	at org.eclipse.core.internal.resources.ResourceException.<init>(ResourceException.java:38)
	at org.eclipse.core.internal.resources.Resource.checkDoesNotExist(Resource.java:343)
	at org.eclipse.core.internal.resources.Resource.checkDoesNotExist(Resource.java:330)
	at org.eclipse.core.internal.resources.Resource.checkMoveRequirements(Resource.java:419)
	at org.eclipse.core.internal.resources.Resource.assertMoveRequirements(Resource.java:229)
	at org.eclipse.core.internal.resources.Resource.move(Resource.java:1531)
	at org.eclipse.core.internal.resources.Resource.move(Resource.java:1515)
	at org.jkiss.dbeaver.model.navigator.DBNResource.rename(DBNResource.java:280)
	at org.jkiss.dbeaver.ui.navigator.actions.NavigatorHandlerObjectRename.lambda$0(NavigatorHandlerObjectRename.java:90)
	at org.jkiss.dbeaver.runtime.RunnableContextDelegate.lambda$0(RunnableContextDelegate.java:39)
	at org.eclipse.jface.operation.ModalContext$ModalContextThread.run(ModalContext.java:124)
2025-04-24 17:48:02.087 - Resource '/General/Scripts/fill_pokemon_attack.sql' already exists.
java.lang.Exception: Resource '/General/Scripts/fill_pokemon_attack.sql' already exists.
	at org.eclipse.core.internal.resources.ResourceException.provideStackTrace(ResourceException.java:42)
	at org.eclipse.core.internal.resources.ResourceException.<init>(ResourceException.java:38)
	at org.eclipse.core.internal.resources.Resource.checkDoesNotExist(Resource.java:343)
	at org.eclipse.core.internal.resources.Resource.checkDoesNotExist(Resource.java:330)
	at org.eclipse.core.internal.resources.Resource.checkMoveRequirements(Resource.java:419)
	at org.eclipse.core.internal.resources.Resource.assertMoveRequirements(Resource.java:229)
	at org.eclipse.core.internal.resources.Resource.move(Resource.java:1531)
	at org.eclipse.core.internal.resources.Resource.move(Resource.java:1515)
	at org.jkiss.dbeaver.model.navigator.DBNResource.rename(DBNResource.java:280)
	at org.jkiss.dbeaver.ui.navigator.actions.NavigatorHandlerObjectRename.lambda$0(NavigatorHandlerObjectRename.java:90)
	at org.jkiss.dbeaver.runtime.RunnableContextDelegate.lambda$0(RunnableContextDelegate.java:39)
	at org.eclipse.jface.operation.ModalContext$ModalContextThread.run(ModalContext.java:124)
2025-04-24 17:48:41.012 - Resource '/General/Scripts/fill_pokemon_in_versions.sql' already exists.
java.lang.Exception: Resource '/General/Scripts/fill_pokemon_in_versions.sql' already exists.
	at org.eclipse.core.internal.resources.ResourceException.provideStackTrace(ResourceException.java:42)
	at org.eclipse.core.internal.resources.ResourceException.<init>(ResourceException.java:38)
	at org.eclipse.core.internal.resources.Resource.checkDoesNotExist(Resource.java:343)
	at org.eclipse.core.internal.resources.Resource.checkDoesNotExist(Resource.java:330)
	at org.eclipse.core.internal.resources.Resource.checkMoveRequirements(Resource.java:419)
	at org.eclipse.core.internal.resources.Resource.assertMoveRequirements(Resource.java:229)
	at org.eclipse.core.internal.resources.Resource.move(Resource.java:1531)
	at org.eclipse.core.internal.resources.Resource.move(Resource.java:1515)
	at org.jkiss.dbeaver.model.navigator.DBNResource.rename(DBNResource.java:280)
	at org.jkiss.dbeaver.ui.navigator.actions.NavigatorHandlerObjectRename.lambda$0(NavigatorHandlerObjectRename.java:90)
	at org.jkiss.dbeaver.runtime.RunnableContextDelegate.lambda$0(RunnableContextDelegate.java:39)
	at org.eclipse.jface.operation.ModalContext$ModalContextThread.run(ModalContext.java:124)
