2025-04-21 13:17:04.984 - DBeaver 24.3.4.202502021521 is starting
2025-04-21 13:17:04.985 - OS: Windows 10 10.0 (amd64)
2025-04-21 13:17:04.985 - Java version: 21.0.5 by Eclipse Adoptium (64bit)
2025-04-21 13:17:04.986 - Install path: 'C:\Users\Egorgorgor\AppData\Local\DBeaver'
2025-04-21 13:17:04.986 - Instance path: 'file:/C:/Users/Egorgorgor/AppData/Roaming/DBeaverData/workspace6/'
2025-04-21 13:17:04.987 - Memory available 64Mb/1024Mb
2025-04-21 13:17:04.987 - Platform not initialized: metadata folder may be not set
2025-04-21 13:17:05.000 - Create display
2025-04-21 13:17:05.132 - Initialize desktop platform...
2025-04-21 13:17:05.304 - BounceCastle bundle found. Use JCE provider BC
> Start Core File Systems [org.eclipse.core.filesystem 1.11.100.v20241022-0806]
> Start Core Resource Management [org.eclipse.core.resources 3.22.0.v20241001-1711]
> Start DBeaver UI Navigator [org.jkiss.dbeaver.ui.navigator 1.0.148.202502021521]
2025-04-21 13:17:05.632 - Initialize base platform...
> Start Ядро поддержки совместной работы [org.eclipse.team.core 3.10.500.v20240621-0541]
> Start DBeaver UI Editors - Base [org.jkiss.dbeaver.ui.editors.base 1.0.148.202502021521]
2025-04-21 13:17:05.854 - Platform initialized (722ms)
2025-04-21 13:17:06.115 - Error accessing instance server: java.net.ConnectException
2025-04-21 13:17:06.129 - Starting instance server at http://localhost:50548
2025-04-21 13:17:06.195 - Run workbench
> Start Eclipse e4 SWT рабочая среда [org.eclipse.e4.ui.workbench.swt 0.17.600.v20241015-1729]
> Start Eclipse Application Services [org.eclipse.e4.core.services 2.5.0.v20241015-2219]
> Start Eclipse UI Application Services [org.eclipse.e4.ui.services 1.6.400.v20241015-1729]
> Start Eclipse e4 Progress View [org.eclipse.e4.ui.progress 0.4.700.v20241015-1729]
> Start Eclipse Bindings Support [org.eclipse.e4.ui.bindings 0.14.500.v20241015-1729]
> Start Eclipse e4 core commands [org.eclipse.e4.core.commands 1.1.500.v20241015-1729]
> Start EMF XML/XMI Persistence [org.eclipse.emf.ecore.xmi 2.38.0.v20240721-0634]
> Start Eclipse CSS SWT Theme Support [org.eclipse.e4.ui.css.swt.theme 0.14.400.v20240424-0956]
> Start Eclipse e4 дополнения рабочей среды [org.eclipse.e4.ui.workbench.addons.swt 1.5.600.v20241107-2150]
Warning: NLS unused message: Workbench_missingPropertyMessage in: org.eclipse.ui.internal.messages
Warning: NLS unused message: WorkbenchPreference_reuseEditorsThreshold in: org.eclipse.ui.internal.messages
> Start Eclipse e4 SWT визуализация рабочей среды [org.eclipse.e4.ui.workbench.renderers.swt 0.16.600.v20241008-1401]
> Start Eclipse Dependency Injection Extensions [org.eclipse.e4.core.di.extensions 0.18.300.v20240413-1529]
> Start Eclipse CSS SWT Support [org.eclipse.e4.ui.css.swt 0.15.400.v20240321-1245]
Warning: NLS unused message: UriHandlerPreferencePage_Warning_OtherApp in: org.eclipse.ui.internal.ide.messages
> Start Текстовый редактор по умолчанию [org.eclipse.ui.editors 3.19.0.v20241106-0945]
> Start Структура Текстового Редактора [org.eclipse.ui.workbench.texteditor 3.19.0.v20241112-1917]
2025-04-21 13:17:15.711 - Configure workbench window
> Start DBeaver SQL Model [org.jkiss.dbeaver.model.sql 1.0.138.202502021521]
2025-04-21 13:17:15.921 - Total database drivers: 124 (124)
> Start Ядро Справочной Системы [org.eclipse.help 3.10.400.v20240415-0528]
2025-04-21 13:17:16.338 - Create actions
2025-04-21 13:17:16.346 - Disable Eclipse action set 'org.eclipse.ui.edit.text.actionSet.annotationNavigation'
2025-04-21 13:17:16.347 - Disable Eclipse action set 'org.eclipse.ui.WorkingSetActionSet'
2025-04-21 13:17:16.347 - Disable Eclipse action set 'org.eclipse.ui.actionSet.openFiles'
2025-04-21 13:17:16.347 - Create workbench actions
2025-04-21 13:17:16.901 - Initialize workbench window
2025-04-21 13:17:16.906 - Finish initialization
> Start DBeaver UI Editors - Data [org.jkiss.dbeaver.ui.editors.data 1.0.148.202502021521]
> Start Internet Connection Management UI [org.eclipse.ui.net 1.5.400.v20240413-1529]
> Start Internet Connection Management [org.eclipse.core.net 1.5.500.v20240625-1706]
> Start DBeaver UI Editors - SQL [org.jkiss.dbeaver.ui.editors.sql 1.0.148.202502021521]
> Start DBeaver Sample Database [org.jkiss.dbeaver.ext.sample.database 1.0.185.202502021521]
> Start DBeaver Tip of the day [org.jkiss.dbeaver.ext.ui.tipoftheday 1.0.154.202502021521]
2025-04-21 13:17:18.014 - Connect with 'postgres' (postgres-jdbc-194dfb940fe-549b27957cf9af)
2025-04-21 13:17:18.014 - Connect with 'postgres' (postgres-jdbc-194dfb940fe-549b27957cf9af)
> Start DBeaver JDBC Model [org.jkiss.dbeaver.model.jdbc 1.0.41.202502021521]
> Start DBeaver PostgreSQL Model [org.jkiss.dbeaver.ext.postgresql 2.1.221.202502021521]
> Start DBeaver GIS Support [org.jkiss.dbeaver.data.gis 1.0.172.202502021521]
2025-04-21 13:17:18.084 - Execution context opened (postgres; Main <postgres>; 0)
2025-04-21 13:17:18.087 - Initiate connection to PostgreSQL database [postgres@localhost] for Main <postgres>
2025-04-21 13:17:18.757 - Execution context opened (postgres; Metadata <postgres>; 1)
2025-04-21 13:17:18.757 - Initiate connection to PostgreSQL database [postgres@localhost] for Metadata <postgres>
2025-04-21 13:17:18.905 - Connected (postgres-jdbc-194dfb940fe-549b27957cf9af, PostgreSQL JDBC Driver [42.7.2])
2025-04-21 13:17:18.937 - Execution context opened (postgres; Main <postgres>; 2)
2025-04-21 13:17:18.939 - Initiate connection to PostgreSQL database [postgres@localhost] for Main <postgres>
2025-04-21 13:17:18.999 - Execution context opened (postgres; Metadata <postgres>; 3)
2025-04-21 13:17:19.000 - Initiate connection to PostgreSQL database [postgres@localhost] for Metadata <postgres>
2025-04-21 13:17:19.098 - Connected (postgres-jdbc-194dfb940fe-549b27957cf9af, PostgreSQL JDBC Driver [42.7.2])
> Start GEF Classic Draw2d [org.eclipse.draw2d 3.18.0.202411181923]
> Start GEF Classic GEF (MVC) [org.eclipse.gef 3.20.0.202411181923]
> Start DBeaver ERD UI [org.jkiss.dbeaver.erd.ui 3.0.108.202502021521]
> Start DBeaver ERD Model [org.jkiss.dbeaver.erd.model 1.0.108.202502021521]
> Start DBeaver Dashboard UI [org.jkiss.dbeaver.ui.dashboard 1.0.145.202502021521]
> Start DBeaver PostgreSQL UI [org.jkiss.dbeaver.ext.postgresql.ui 1.0.124.202502021521]
2025-04-21 13:17:20.590 - Open [https://dbeaver.io/product/version.xml]
Warning: NLS unused message: FindReplace_title in: org.eclipse.ui.texteditor.EditorMessages
Warning: NLS unused message: FindReplace_Find_label in: org.eclipse.ui.texteditor.EditorMessages
Warning: NLS unused message: FindReplace_Replace_label in: org.eclipse.ui.texteditor.EditorMessages
Warning: NLS unused message: FindReplace_Direction in: org.eclipse.ui.texteditor.EditorMessages
Warning: NLS unused message: FindReplace_ForwardRadioButton_label in: org.eclipse.ui.texteditor.EditorMessages
Warning: NLS unused message: FindReplace_BackwardRadioButton_label in: org.eclipse.ui.texteditor.EditorMessages
Warning: NLS unused message: FindReplace_Scope in: org.eclipse.ui.texteditor.EditorMessages
Warning: NLS unused message: FindReplace_GlobalRadioButton_label in: org.eclipse.ui.texteditor.EditorMessages
Warning: NLS unused message: FindReplace_SelectedRangeRadioButton_label in: org.eclipse.ui.texteditor.EditorMessages
Warning: NLS unused message: FindReplace_Options in: org.eclipse.ui.texteditor.EditorMessages
Warning: NLS unused message: FindReplace_CaseCheckBox_label in: org.eclipse.ui.texteditor.EditorMessages
Warning: NLS unused message: FindReplace_WrapCheckBox_label in: org.eclipse.ui.texteditor.EditorMessages
Warning: NLS unused message: FindReplace_WholeWordCheckBox_label in: org.eclipse.ui.texteditor.EditorMessages
Warning: NLS unused message: FindReplace_IncrementalCheckBox_label in: org.eclipse.ui.texteditor.EditorMessages
Warning: NLS unused message: FindReplace_RegExCheckbox_label in: org.eclipse.ui.texteditor.EditorMessages
Warning: NLS unused message: FindReplace_FindNextButton_label in: org.eclipse.ui.texteditor.EditorMessages
Warning: NLS unused message: FindReplace_ReplaceFindButton_label in: org.eclipse.ui.texteditor.EditorMessages
Warning: NLS unused message: FindReplace_ReplaceSelectionButton_label in: org.eclipse.ui.texteditor.EditorMessages
Warning: NLS unused message: FindReplace_ReplaceAllButton_label in: org.eclipse.ui.texteditor.EditorMessages
Warning: NLS unused message: FindReplace_SelectAllButton_label in: org.eclipse.ui.texteditor.EditorMessages
Warning: NLS unused message: FindReplace_CloseButton_label in: org.eclipse.ui.texteditor.EditorMessages
Warning: NLS unused message: FindReplace_Status_noMatch_label in: org.eclipse.ui.texteditor.EditorMessages
Warning: NLS unused message: FindReplace_Status_noMatchWithValue_label in: org.eclipse.ui.texteditor.EditorMessages
Warning: NLS unused message: FindReplace_Status_replacement_label in: org.eclipse.ui.texteditor.EditorMessages
Warning: NLS unused message: FindReplace_Status_replacements_label in: org.eclipse.ui.texteditor.EditorMessages
Warning: NLS unused message: FindReplace_Status_wrapped_label in: org.eclipse.ui.texteditor.EditorMessages
> Start DBeaver SQL Terminal [org.jkiss.dbeaver.ui.editors.sql.terminal 1.0.124.202502021521]
> Start Базовая поддержка сравнения [org.eclipse.compare.core 3.8.600.v20240915-0814]
> Start Консоль [org.eclipse.ui.console 3.14.200.v20240918-1457]
> Start Отладка ядра [org.eclipse.debug.core 3.22.0.v20241113-1056]
2025-04-21 13:22:34.760 - Execution context opened (postgres; SQLEditor <Script.sql>; 4)
2025-04-21 13:22:34.761 - Initiate connection to PostgreSQL database [postgres@localhost] for SQLEditor <Script.sql>
> Start DBeaver Tasks - Native Tools UI [org.jkiss.dbeaver.tasks.native.ui 1.0.126.202502021521]
> Start DBeaver Tasks - General UI [org.jkiss.dbeaver.tasks.ui 1.0.126.202502021521]
> Start DBeaver SQL Language Semantic Model [org.jkiss.dbeaver.model.lsm 1.0.43.202502021521]
2025-04-21 13:24:09.052 - SQL Error [42601]: ОШИБКА: ошибка синтаксиса (примерное положение: ":")
  Позиция: 40

Позиция ошибки: line: 1 pos: 39
org.jkiss.dbeaver.model.sql.DBSQLException: SQL Error [42601]: ОШИБКА: ошибка синтаксиса (примерное положение: ":")
  Позиция: 40
	at org.jkiss.dbeaver.model.impl.jdbc.exec.JDBCStatementImpl.executeStatement(JDBCStatementImpl.java:130)
	at org.jkiss.dbeaver.ui.editors.sql.execute.SQLQueryJob.executeStatement(SQLQueryJob.java:653)
	at org.jkiss.dbeaver.ui.editors.sql.execute.SQLQueryJob.lambda$2(SQLQueryJob.java:546)
	at org.jkiss.dbeaver.model.exec.DBExecUtils.tryExecuteRecover(DBExecUtils.java:192)
	at org.jkiss.dbeaver.ui.editors.sql.execute.SQLQueryJob.executeSingleQuery(SQLQueryJob.java:565)
	at org.jkiss.dbeaver.ui.editors.sql.execute.SQLQueryJob.extractData(SQLQueryJob.java:1038)
	at org.jkiss.dbeaver.ui.editors.sql.SQLEditor$QueryResultsContainer.readData(SQLEditor.java:4303)
	at org.jkiss.dbeaver.ui.controls.resultset.ResultSetJobDataRead.lambda$0(ResultSetJobDataRead.java:128)
	at org.jkiss.dbeaver.model.exec.DBExecUtils.tryExecuteRecover(DBExecUtils.java:192)
	at org.jkiss.dbeaver.ui.controls.resultset.ResultSetJobDataRead.run(ResultSetJobDataRead.java:126)
	at org.jkiss.dbeaver.ui.controls.resultset.ResultSetViewer$ResultSetDataPumpJob.run(ResultSetViewer.java:5068)
	at org.jkiss.dbeaver.model.runtime.AbstractJob.run(AbstractJob.java:119)
	at org.eclipse.core.internal.jobs.Worker.run(Worker.java:63)
Caused by: org.postgresql.util.PSQLException: ОШИБКА: ошибка синтаксиса (примерное положение: ":")
  Позиция: 40
	at org.postgresql.core.v3.QueryExecutorImpl.receiveErrorResponse(QueryExecutorImpl.java:2725)
	at org.postgresql.core.v3.QueryExecutorImpl.processResults(QueryExecutorImpl.java:2412)
	at org.postgresql.core.v3.QueryExecutorImpl.execute(QueryExecutorImpl.java:371)
	at org.postgresql.jdbc.PgStatement.executeInternal(PgStatement.java:502)
	at org.postgresql.jdbc.PgStatement.execute(PgStatement.java:419)
	at org.postgresql.jdbc.PgStatement.executeWithFlags(PgStatement.java:341)
	at org.postgresql.jdbc.PgStatement.executeCachedSql(PgStatement.java:326)
	at org.postgresql.jdbc.PgStatement.executeWithFlags(PgStatement.java:302)
	at org.postgresql.jdbc.PgStatement.execute(PgStatement.java:297)
	at org.jkiss.dbeaver.model.impl.jdbc.exec.JDBCStatementImpl.execute(JDBCStatementImpl.java:344)
	at org.jkiss.dbeaver.model.impl.jdbc.exec.JDBCStatementImpl.executeStatement(JDBCStatementImpl.java:128)
	... 12 more
2025-04-21 13:24:09.283 - SQL Error [42601]: ОШИБКА: ошибка синтаксиса (примерное положение: ":")
  Позиция: 40
org.jkiss.dbeaver.model.sql.DBSQLException: SQL Error [42601]: ОШИБКА: ошибка синтаксиса (примерное положение: ":")
  Позиция: 40
	at org.jkiss.dbeaver.model.impl.jdbc.exec.JDBCStatementImpl.executeStatement(JDBCStatementImpl.java:130)
	at org.jkiss.dbeaver.ui.editors.sql.execute.SQLQueryJob.executeStatement(SQLQueryJob.java:653)
	at org.jkiss.dbeaver.ui.editors.sql.execute.SQLQueryJob.lambda$2(SQLQueryJob.java:546)
	at org.jkiss.dbeaver.model.exec.DBExecUtils.tryExecuteRecover(DBExecUtils.java:192)
	at org.jkiss.dbeaver.ui.editors.sql.execute.SQLQueryJob.executeSingleQuery(SQLQueryJob.java:565)
	at org.jkiss.dbeaver.ui.editors.sql.execute.SQLQueryJob.extractData(SQLQueryJob.java:1038)
	at org.jkiss.dbeaver.ui.editors.sql.SQLEditor$QueryResultsContainer.readData(SQLEditor.java:4303)
	at org.jkiss.dbeaver.ui.controls.resultset.ResultSetJobDataRead.lambda$0(ResultSetJobDataRead.java:128)
	at org.jkiss.dbeaver.model.exec.DBExecUtils.tryExecuteRecover(DBExecUtils.java:192)
	at org.jkiss.dbeaver.ui.controls.resultset.ResultSetJobDataRead.run(ResultSetJobDataRead.java:126)
	at org.jkiss.dbeaver.ui.controls.resultset.ResultSetViewer$ResultSetDataPumpJob.run(ResultSetViewer.java:5068)
	at org.jkiss.dbeaver.model.runtime.AbstractJob.run(AbstractJob.java:119)
	at org.eclipse.core.internal.jobs.Worker.run(Worker.java:63)
Caused by: org.postgresql.util.PSQLException: ОШИБКА: ошибка синтаксиса (примерное положение: ":")
  Позиция: 40
	at org.postgresql.core.v3.QueryExecutorImpl.receiveErrorResponse(QueryExecutorImpl.java:2725)
	at org.postgresql.core.v3.QueryExecutorImpl.processResults(QueryExecutorImpl.java:2412)
	at org.postgresql.core.v3.QueryExecutorImpl.execute(QueryExecutorImpl.java:371)
	at org.postgresql.jdbc.PgStatement.executeInternal(PgStatement.java:502)
	at org.postgresql.jdbc.PgStatement.execute(PgStatement.java:419)
	at org.postgresql.jdbc.PgStatement.executeWithFlags(PgStatement.java:341)
	at org.postgresql.jdbc.PgStatement.executeCachedSql(PgStatement.java:326)
	at org.postgresql.jdbc.PgStatement.executeWithFlags(PgStatement.java:302)
	at org.postgresql.jdbc.PgStatement.execute(PgStatement.java:297)
	at org.jkiss.dbeaver.model.impl.jdbc.exec.JDBCStatementImpl.execute(JDBCStatementImpl.java:344)
	at org.jkiss.dbeaver.model.impl.jdbc.exec.JDBCStatementImpl.executeStatement(JDBCStatementImpl.java:128)
	... 12 more
2025-04-21 13:24:13.530 - SQL Error [42601]: ОШИБКА: ошибка синтаксиса (примерное положение: ":")
  Позиция: 40

Позиция ошибки: line: 1 pos: 39
org.jkiss.dbeaver.model.sql.DBSQLException: SQL Error [42601]: ОШИБКА: ошибка синтаксиса (примерное положение: ":")
  Позиция: 40
	at org.jkiss.dbeaver.model.impl.jdbc.exec.JDBCStatementImpl.executeStatement(JDBCStatementImpl.java:130)
	at org.jkiss.dbeaver.ui.editors.sql.execute.SQLQueryJob.executeStatement(SQLQueryJob.java:653)
	at org.jkiss.dbeaver.ui.editors.sql.execute.SQLQueryJob.lambda$2(SQLQueryJob.java:546)
	at org.jkiss.dbeaver.model.exec.DBExecUtils.tryExecuteRecover(DBExecUtils.java:192)
	at org.jkiss.dbeaver.ui.editors.sql.execute.SQLQueryJob.executeSingleQuery(SQLQueryJob.java:565)
	at org.jkiss.dbeaver.ui.editors.sql.execute.SQLQueryJob.extractData(SQLQueryJob.java:1038)
	at org.jkiss.dbeaver.ui.editors.sql.SQLEditor$QueryResultsContainer.readData(SQLEditor.java:4303)
	at org.jkiss.dbeaver.ui.controls.resultset.ResultSetJobDataRead.lambda$0(ResultSetJobDataRead.java:128)
	at org.jkiss.dbeaver.model.exec.DBExecUtils.tryExecuteRecover(DBExecUtils.java:192)
	at org.jkiss.dbeaver.ui.controls.resultset.ResultSetJobDataRead.run(ResultSetJobDataRead.java:126)
	at org.jkiss.dbeaver.ui.controls.resultset.ResultSetViewer$ResultSetDataPumpJob.run(ResultSetViewer.java:5068)
	at org.jkiss.dbeaver.model.runtime.AbstractJob.run(AbstractJob.java:119)
	at org.eclipse.core.internal.jobs.Worker.run(Worker.java:63)
Caused by: org.postgresql.util.PSQLException: ОШИБКА: ошибка синтаксиса (примерное положение: ":")
  Позиция: 40
	at org.postgresql.core.v3.QueryExecutorImpl.receiveErrorResponse(QueryExecutorImpl.java:2725)
	at org.postgresql.core.v3.QueryExecutorImpl.processResults(QueryExecutorImpl.java:2412)
	at org.postgresql.core.v3.QueryExecutorImpl.execute(QueryExecutorImpl.java:371)
	at org.postgresql.jdbc.PgStatement.executeInternal(PgStatement.java:502)
	at org.postgresql.jdbc.PgStatement.execute(PgStatement.java:419)
	at org.postgresql.jdbc.PgStatement.executeWithFlags(PgStatement.java:341)
	at org.postgresql.jdbc.PgStatement.executeCachedSql(PgStatement.java:326)
	at org.postgresql.jdbc.PgStatement.executeWithFlags(PgStatement.java:302)
	at org.postgresql.jdbc.PgStatement.execute(PgStatement.java:297)
	at org.jkiss.dbeaver.model.impl.jdbc.exec.JDBCStatementImpl.execute(JDBCStatementImpl.java:344)
	at org.jkiss.dbeaver.model.impl.jdbc.exec.JDBCStatementImpl.executeStatement(JDBCStatementImpl.java:128)
	... 12 more
2025-04-21 13:24:13.847 - SQL Error [42601]: ОШИБКА: ошибка синтаксиса (примерное положение: ":")
  Позиция: 40
org.jkiss.dbeaver.model.sql.DBSQLException: SQL Error [42601]: ОШИБКА: ошибка синтаксиса (примерное положение: ":")
  Позиция: 40
	at org.jkiss.dbeaver.model.impl.jdbc.exec.JDBCStatementImpl.executeStatement(JDBCStatementImpl.java:130)
	at org.jkiss.dbeaver.ui.editors.sql.execute.SQLQueryJob.executeStatement(SQLQueryJob.java:653)
	at org.jkiss.dbeaver.ui.editors.sql.execute.SQLQueryJob.lambda$2(SQLQueryJob.java:546)
	at org.jkiss.dbeaver.model.exec.DBExecUtils.tryExecuteRecover(DBExecUtils.java:192)
	at org.jkiss.dbeaver.ui.editors.sql.execute.SQLQueryJob.executeSingleQuery(SQLQueryJob.java:565)
	at org.jkiss.dbeaver.ui.editors.sql.execute.SQLQueryJob.extractData(SQLQueryJob.java:1038)
	at org.jkiss.dbeaver.ui.editors.sql.SQLEditor$QueryResultsContainer.readData(SQLEditor.java:4303)
	at org.jkiss.dbeaver.ui.controls.resultset.ResultSetJobDataRead.lambda$0(ResultSetJobDataRead.java:128)
	at org.jkiss.dbeaver.model.exec.DBExecUtils.tryExecuteRecover(DBExecUtils.java:192)
	at org.jkiss.dbeaver.ui.controls.resultset.ResultSetJobDataRead.run(ResultSetJobDataRead.java:126)
	at org.jkiss.dbeaver.ui.controls.resultset.ResultSetViewer$ResultSetDataPumpJob.run(ResultSetViewer.java:5068)
	at org.jkiss.dbeaver.model.runtime.AbstractJob.run(AbstractJob.java:119)
	at org.eclipse.core.internal.jobs.Worker.run(Worker.java:63)
Caused by: org.postgresql.util.PSQLException: ОШИБКА: ошибка синтаксиса (примерное положение: ":")
  Позиция: 40
	at org.postgresql.core.v3.QueryExecutorImpl.receiveErrorResponse(QueryExecutorImpl.java:2725)
	at org.postgresql.core.v3.QueryExecutorImpl.processResults(QueryExecutorImpl.java:2412)
	at org.postgresql.core.v3.QueryExecutorImpl.execute(QueryExecutorImpl.java:371)
	at org.postgresql.jdbc.PgStatement.executeInternal(PgStatement.java:502)
	at org.postgresql.jdbc.PgStatement.execute(PgStatement.java:419)
	at org.postgresql.jdbc.PgStatement.executeWithFlags(PgStatement.java:341)
	at org.postgresql.jdbc.PgStatement.executeCachedSql(PgStatement.java:326)
	at org.postgresql.jdbc.PgStatement.executeWithFlags(PgStatement.java:302)
	at org.postgresql.jdbc.PgStatement.execute(PgStatement.java:297)
	at org.jkiss.dbeaver.model.impl.jdbc.exec.JDBCStatementImpl.execute(JDBCStatementImpl.java:344)
	at org.jkiss.dbeaver.model.impl.jdbc.exec.JDBCStatementImpl.executeStatement(JDBCStatementImpl.java:128)
	... 12 more
2025-04-21 13:24:15.869 - SQL Error [42601]: ОШИБКА: ошибка синтаксиса (примерное положение: ":")
  Позиция: 40

Позиция ошибки: line: 1 pos: 39
org.jkiss.dbeaver.model.sql.DBSQLException: SQL Error [42601]: ОШИБКА: ошибка синтаксиса (примерное положение: ":")
  Позиция: 40
	at org.jkiss.dbeaver.model.impl.jdbc.exec.JDBCStatementImpl.executeStatement(JDBCStatementImpl.java:130)
	at org.jkiss.dbeaver.ui.editors.sql.execute.SQLQueryJob.executeStatement(SQLQueryJob.java:653)
	at org.jkiss.dbeaver.ui.editors.sql.execute.SQLQueryJob.lambda$2(SQLQueryJob.java:546)
	at org.jkiss.dbeaver.model.exec.DBExecUtils.tryExecuteRecover(DBExecUtils.java:192)
	at org.jkiss.dbeaver.ui.editors.sql.execute.SQLQueryJob.executeSingleQuery(SQLQueryJob.java:565)
	at org.jkiss.dbeaver.ui.editors.sql.execute.SQLQueryJob.extractData(SQLQueryJob.java:1038)
	at org.jkiss.dbeaver.ui.editors.sql.SQLEditor$QueryResultsContainer.readData(SQLEditor.java:4303)
	at org.jkiss.dbeaver.ui.controls.resultset.ResultSetJobDataRead.lambda$0(ResultSetJobDataRead.java:128)
	at org.jkiss.dbeaver.model.exec.DBExecUtils.tryExecuteRecover(DBExecUtils.java:192)
	at org.jkiss.dbeaver.ui.controls.resultset.ResultSetJobDataRead.run(ResultSetJobDataRead.java:126)
	at org.jkiss.dbeaver.ui.controls.resultset.ResultSetViewer$ResultSetDataPumpJob.run(ResultSetViewer.java:5068)
	at org.jkiss.dbeaver.model.runtime.AbstractJob.run(AbstractJob.java:119)
	at org.eclipse.core.internal.jobs.Worker.run(Worker.java:63)
Caused by: org.postgresql.util.PSQLException: ОШИБКА: ошибка синтаксиса (примерное положение: ":")
  Позиция: 40
	at org.postgresql.core.v3.QueryExecutorImpl.receiveErrorResponse(QueryExecutorImpl.java:2725)
	at org.postgresql.core.v3.QueryExecutorImpl.processResults(QueryExecutorImpl.java:2412)
	at org.postgresql.core.v3.QueryExecutorImpl.execute(QueryExecutorImpl.java:371)
	at org.postgresql.jdbc.PgStatement.executeInternal(PgStatement.java:502)
	at org.postgresql.jdbc.PgStatement.execute(PgStatement.java:419)
	at org.postgresql.jdbc.PgStatement.executeWithFlags(PgStatement.java:341)
	at org.postgresql.jdbc.PgStatement.executeCachedSql(PgStatement.java:326)
	at org.postgresql.jdbc.PgStatement.executeWithFlags(PgStatement.java:302)
	at org.postgresql.jdbc.PgStatement.execute(PgStatement.java:297)
	at org.jkiss.dbeaver.model.impl.jdbc.exec.JDBCStatementImpl.execute(JDBCStatementImpl.java:344)
	at org.jkiss.dbeaver.model.impl.jdbc.exec.JDBCStatementImpl.executeStatement(JDBCStatementImpl.java:128)
	... 12 more
2025-04-21 13:29:16.767 - SQL Error [42601]: ОШИБКА: ошибка синтаксиса (примерное положение: ":")
  Позиция: 40

Позиция ошибки: line: 1 pos: 39
org.jkiss.dbeaver.model.sql.DBSQLException: SQL Error [42601]: ОШИБКА: ошибка синтаксиса (примерное положение: ":")
  Позиция: 40
	at org.jkiss.dbeaver.model.impl.jdbc.exec.JDBCStatementImpl.executeStatement(JDBCStatementImpl.java:130)
	at org.jkiss.dbeaver.ui.editors.sql.execute.SQLQueryJob.executeStatement(SQLQueryJob.java:653)
	at org.jkiss.dbeaver.ui.editors.sql.execute.SQLQueryJob.lambda$2(SQLQueryJob.java:546)
	at org.jkiss.dbeaver.model.exec.DBExecUtils.tryExecuteRecover(DBExecUtils.java:192)
	at org.jkiss.dbeaver.ui.editors.sql.execute.SQLQueryJob.executeSingleQuery(SQLQueryJob.java:565)
	at org.jkiss.dbeaver.ui.editors.sql.execute.SQLQueryJob.extractData(SQLQueryJob.java:1038)
	at org.jkiss.dbeaver.ui.editors.sql.SQLEditor$QueryResultsContainer.readData(SQLEditor.java:4303)
	at org.jkiss.dbeaver.ui.controls.resultset.ResultSetJobDataRead.lambda$0(ResultSetJobDataRead.java:128)
	at org.jkiss.dbeaver.model.exec.DBExecUtils.tryExecuteRecover(DBExecUtils.java:192)
	at org.jkiss.dbeaver.ui.controls.resultset.ResultSetJobDataRead.run(ResultSetJobDataRead.java:126)
	at org.jkiss.dbeaver.ui.controls.resultset.ResultSetViewer$ResultSetDataPumpJob.run(ResultSetViewer.java:5068)
	at org.jkiss.dbeaver.model.runtime.AbstractJob.run(AbstractJob.java:119)
	at org.eclipse.core.internal.jobs.Worker.run(Worker.java:63)
Caused by: org.postgresql.util.PSQLException: ОШИБКА: ошибка синтаксиса (примерное положение: ":")
  Позиция: 40
	at org.postgresql.core.v3.QueryExecutorImpl.receiveErrorResponse(QueryExecutorImpl.java:2725)
	at org.postgresql.core.v3.QueryExecutorImpl.processResults(QueryExecutorImpl.java:2412)
	at org.postgresql.core.v3.QueryExecutorImpl.execute(QueryExecutorImpl.java:371)
	at org.postgresql.jdbc.PgStatement.executeInternal(PgStatement.java:502)
	at org.postgresql.jdbc.PgStatement.execute(PgStatement.java:419)
	at org.postgresql.jdbc.PgStatement.executeWithFlags(PgStatement.java:341)
	at org.postgresql.jdbc.PgStatement.executeCachedSql(PgStatement.java:326)
	at org.postgresql.jdbc.PgStatement.executeWithFlags(PgStatement.java:302)
	at org.postgresql.jdbc.PgStatement.execute(PgStatement.java:297)
	at org.jkiss.dbeaver.model.impl.jdbc.exec.JDBCStatementImpl.execute(JDBCStatementImpl.java:344)
	at org.jkiss.dbeaver.model.impl.jdbc.exec.JDBCStatementImpl.executeStatement(JDBCStatementImpl.java:128)
	... 12 more
2025-04-21 13:29:23.875 - SQL Error [42601]: ОШИБКА: ошибка синтаксиса (примерное положение: "'Pokemon Red'")
  Позиция: 43
org.jkiss.dbeaver.model.sql.DBSQLException: SQL Error [42601]: ОШИБКА: ошибка синтаксиса (примерное положение: "'Pokemon Red'")
  Позиция: 43
	at org.jkiss.dbeaver.model.impl.jdbc.exec.JDBCStatementImpl.executeStatement(JDBCStatementImpl.java:130)
	at org.jkiss.dbeaver.ui.editors.sql.execute.SQLQueryJob.executeStatement(SQLQueryJob.java:653)
	at org.jkiss.dbeaver.ui.editors.sql.execute.SQLQueryJob.lambda$2(SQLQueryJob.java:546)
	at org.jkiss.dbeaver.model.exec.DBExecUtils.tryExecuteRecover(DBExecUtils.java:192)
	at org.jkiss.dbeaver.ui.editors.sql.execute.SQLQueryJob.executeSingleQuery(SQLQueryJob.java:565)
	at org.jkiss.dbeaver.ui.editors.sql.execute.SQLQueryJob.extractData(SQLQueryJob.java:1038)
	at org.jkiss.dbeaver.ui.editors.sql.SQLEditor$QueryResultsContainer.readData(SQLEditor.java:4303)
	at org.jkiss.dbeaver.ui.controls.resultset.ResultSetJobDataRead.lambda$0(ResultSetJobDataRead.java:128)
	at org.jkiss.dbeaver.model.exec.DBExecUtils.tryExecuteRecover(DBExecUtils.java:192)
	at org.jkiss.dbeaver.ui.controls.resultset.ResultSetJobDataRead.run(ResultSetJobDataRead.java:126)
	at org.jkiss.dbeaver.ui.controls.resultset.ResultSetViewer$ResultSetDataPumpJob.run(ResultSetViewer.java:5068)
	at org.jkiss.dbeaver.model.runtime.AbstractJob.run(AbstractJob.java:119)
	at org.eclipse.core.internal.jobs.Worker.run(Worker.java:63)
Caused by: org.postgresql.util.PSQLException: ОШИБКА: ошибка синтаксиса (примерное положение: "'Pokemon Red'")
  Позиция: 43
	at org.postgresql.core.v3.QueryExecutorImpl.receiveErrorResponse(QueryExecutorImpl.java:2725)
	at org.postgresql.core.v3.QueryExecutorImpl.processResults(QueryExecutorImpl.java:2412)
	at org.postgresql.core.v3.QueryExecutorImpl.execute(QueryExecutorImpl.java:371)
	at org.postgresql.jdbc.PgStatement.executeInternal(PgStatement.java:502)
	at org.postgresql.jdbc.PgStatement.execute(PgStatement.java:419)
	at org.postgresql.jdbc.PgStatement.executeWithFlags(PgStatement.java:341)
	at org.postgresql.jdbc.PgStatement.executeCachedSql(PgStatement.java:326)
	at org.postgresql.jdbc.PgStatement.executeWithFlags(PgStatement.java:302)
	at org.postgresql.jdbc.PgStatement.execute(PgStatement.java:297)
	at org.jkiss.dbeaver.model.impl.jdbc.exec.JDBCStatementImpl.execute(JDBCStatementImpl.java:344)
	at org.jkiss.dbeaver.model.impl.jdbc.exec.JDBCStatementImpl.executeStatement(JDBCStatementImpl.java:128)
	... 12 more
> Start DBeaver Data Transfer [org.jkiss.dbeaver.data.transfer 2.0.132.202502021521]
2025-04-21 13:30:22.278 - Execution context opened (postgres; SQLEditor <Script.sql>; 5)
2025-04-21 13:30:22.278 - Initiate connection to PostgreSQL database [postgres@localhost] for SQLEditor <Script.sql>
2025-04-21 14:49:08.078 - Execution context opened (postgres; SQLEditor <Script-1.sql>; 6)
2025-04-21 14:49:08.079 - Initiate connection to PostgreSQL database [postgres@localhost] for SQLEditor <Script-1.sql>
> Start DBeaver Tasks View [org.jkiss.dbeaver.tasks.ui.view 1.0.97.202502021521]
2025-04-21 15:01:04.169 - A resource exists with a different case: '/pokedex'.
java.lang.Exception: A resource exists with a different case: '/pokedex'.
	at org.eclipse.core.internal.resources.ResourceException.provideStackTrace(ResourceException.java:42)
	at org.eclipse.core.internal.resources.ResourceException.<init>(ResourceException.java:38)
	at org.eclipse.core.internal.resources.Resource.checkDoesNotExist(Resource.java:352)
	at org.eclipse.core.internal.resources.Resource.checkDoesNotExist(Resource.java:330)
	at org.eclipse.core.internal.resources.Resource.checkMoveRequirements(Resource.java:419)
	at org.eclipse.core.internal.resources.Resource.assertMoveRequirements(Resource.java:229)
	at org.eclipse.core.internal.resources.Project.move(Project.java:1021)
	at org.eclipse.core.internal.resources.Project.move(Project.java:1003)
	at org.jkiss.dbeaver.model.navigator.DBNProjectDesktop.rename(DBNProjectDesktop.java:95)
	at org.jkiss.dbeaver.ui.navigator.actions.NavigatorHandlerObjectRename.lambda$0(NavigatorHandlerObjectRename.java:90)
	at org.jkiss.dbeaver.runtime.RunnableContextDelegate.lambda$0(RunnableContextDelegate.java:39)
	at org.eclipse.jface.operation.ModalContext$ModalContextThread.run(ModalContext.java:124)
2025-04-21 15:02:53.390 - Execution context opened (postgres; SQLEditor <fill_attack.sql>; 7)
2025-04-21 15:02:53.390 - Initiate connection to PostgreSQL database [postgres@localhost] for SQLEditor <fill_attack.sql>
> Start DBeaver UI Editors - Connections [org.jkiss.dbeaver.ui.editors.connection 1.0.139.202502021521]
2025-04-21 15:03:31.310 - 	Invalidate context 'Main <postgres>' for postgres-jdbc-194dfb940fe-549b27957cf9af (BEFORE_INVALIDATE)
2025-04-21 15:03:31.323 - Execution context closed (postgres, 2)
2025-04-21 15:03:31.323 - 	Invalidate context 'Metadata <postgres>' for postgres-jdbc-194dfb940fe-549b27957cf9af (BEFORE_INVALIDATE)
2025-04-21 15:03:31.334 - Execution context closed (postgres, 3)
2025-04-21 15:03:31.334 - 	Invalidate context 'SQLEditor <Script.sql>' for postgres-jdbc-194dfb940fe-549b27957cf9af (BEFORE_INVALIDATE)
2025-04-21 15:03:31.345 - Execution context closed (postgres, 4)
2025-04-21 15:03:31.345 - 	Invalidate context 'SQLEditor <Script.sql>' for postgres-jdbc-194dfb940fe-549b27957cf9af (BEFORE_INVALIDATE)
2025-04-21 15:03:31.370 - Execution context closed (postgres, 5)
2025-04-21 15:03:31.370 - 	Invalidate context 'SQLEditor <Script-1.sql>' for postgres-jdbc-194dfb940fe-549b27957cf9af (BEFORE_INVALIDATE)
2025-04-21 15:03:31.381 - Execution context closed (postgres, 6)
2025-04-21 15:03:31.381 - 	Invalidate context 'SQLEditor <fill_attack.sql>' for postgres-jdbc-194dfb940fe-549b27957cf9af (BEFORE_INVALIDATE)
2025-04-21 15:03:31.392 - Execution context closed (postgres, 7)
2025-04-21 15:03:31.392 - 	Invalidate context 'Main <postgres>' for postgres-jdbc-194dfb940fe-549b27957cf9af (INVALIDATE)
2025-04-21 15:03:31.392 - Initiate connection to PostgreSQL database [postgres@localhost] for Main <postgres>
2025-04-21 15:03:31.444 - 	Invalidate context 'Metadata <postgres>' for postgres-jdbc-194dfb940fe-549b27957cf9af (INVALIDATE)
2025-04-21 15:03:31.445 - Initiate connection to PostgreSQL database [postgres@localhost] for Metadata <postgres>
2025-04-21 15:03:31.487 - 	Invalidate context 'SQLEditor <Script.sql>' for postgres-jdbc-194dfb940fe-549b27957cf9af (INVALIDATE)
2025-04-21 15:03:31.487 - Initiate connection to PostgreSQL database [postgres@localhost] for SQLEditor <Script.sql>
2025-04-21 15:03:31.528 - 	Invalidate context 'SQLEditor <Script.sql>' for postgres-jdbc-194dfb940fe-549b27957cf9af (INVALIDATE)
2025-04-21 15:03:31.528 - Initiate connection to PostgreSQL database [postgres@localhost] for SQLEditor <Script.sql>
2025-04-21 15:03:31.569 - 	Invalidate context 'SQLEditor <Script-1.sql>' for postgres-jdbc-194dfb940fe-549b27957cf9af (INVALIDATE)
2025-04-21 15:03:31.569 - Initiate connection to PostgreSQL database [postgres@localhost] for SQLEditor <Script-1.sql>
2025-04-21 15:03:31.611 - 	Invalidate context 'SQLEditor <fill_attack.sql>' for postgres-jdbc-194dfb940fe-549b27957cf9af (INVALIDATE)
2025-04-21 15:03:31.611 - Initiate connection to PostgreSQL database [postgres@localhost] for SQLEditor <fill_attack.sql>
2025-04-21 15:03:31.652 - 	Invalidate context 'Main <postgres>' for postgres-jdbc-194dfb940fe-549b27957cf9af (AFTER_INVALIDATE)
2025-04-21 15:03:31.652 - 	Invalidate context 'Metadata <postgres>' for postgres-jdbc-194dfb940fe-549b27957cf9af (AFTER_INVALIDATE)
2025-04-21 15:03:31.652 - 	Invalidate context 'SQLEditor <Script.sql>' for postgres-jdbc-194dfb940fe-549b27957cf9af (AFTER_INVALIDATE)
2025-04-21 15:03:31.652 - 	Invalidate context 'SQLEditor <Script.sql>' for postgres-jdbc-194dfb940fe-549b27957cf9af (AFTER_INVALIDATE)
2025-04-21 15:03:31.652 - 	Invalidate context 'SQLEditor <Script-1.sql>' for postgres-jdbc-194dfb940fe-549b27957cf9af (AFTER_INVALIDATE)
2025-04-21 15:03:31.652 - 	Invalidate context 'SQLEditor <fill_attack.sql>' for postgres-jdbc-194dfb940fe-549b27957cf9af (AFTER_INVALIDATE)
2025-04-21 15:03:31.657 - Connections reopened: 6 (of 6)
2025-04-21 15:03:36.771 - SWT resource leak detected
java.lang.Error: SWT Resource was not properly disposed
	at org.eclipse.swt.graphics.Resource.initNonDisposeTracking(Resource.java:184)
	at org.eclipse.swt.graphics.Resource.<init>(Resource.java:121)
	at org.eclipse.swt.graphics.TextLayout.<init>(TextLayout.java:302)
	at org.eclipse.jface.viewers.StyledCellLabelProvider.getSharedTextLayout(StyledCellLabelProvider.java:207)
	at org.eclipse.jface.viewers.StyledCellLabelProvider.measure(StyledCellLabelProvider.java:276)
	at org.eclipse.jface.viewers.OwnerDrawLabelProvider$OwnerDrawListener.handleEvent(OwnerDrawLabelProvider.java:58)
	at org.eclipse.swt.widgets.EventTable.sendEvent(EventTable.java:91)
	at org.eclipse.swt.widgets.Display.sendEvent(Display.java:4404)
	at org.eclipse.swt.widgets.Widget.sendEvent(Widget.java:1173)
	at org.eclipse.swt.widgets.Widget.sendEvent(Widget.java:1197)
	at org.eclipse.swt.widgets.Widget.sendEvent(Widget.java:1182)
	at org.eclipse.swt.widgets.Table.sendMeasureItemEvent(Table.java:3647)
	at org.eclipse.swt.widgets.Table.hitTestSelection(Table.java:2834)
	at org.eclipse.swt.widgets.Table.showItem(Table.java:5318)
	at org.eclipse.swt.widgets.Table.showSelection(Table.java:5411)
	at org.eclipse.swt.widgets.Table.setSelection(Table.java:4994)
	at org.eclipse.jface.viewers.TableViewer.doSetSelection(TableViewer.java:315)
	at org.eclipse.jface.viewers.AbstractTableViewer.setSelectionToWidget(AbstractTableViewer.java:910)
	at org.eclipse.jface.viewers.StructuredViewer.setSelectionToWidget(StructuredViewer.java:1706)
	at org.eclipse.jface.viewers.StructuredViewer.setSelection(StructuredViewer.java:1662)
	at org.eclipse.jface.viewers.TableViewer.setSelection(TableViewer.java:167)
	at org.eclipse.e4.ui.internal.workbench.renderers.swt.AbstractTableInformationControl.selectFirstMatch(AbstractTableInformationControl.java:446)
	at org.eclipse.e4.ui.internal.workbench.renderers.swt.BasicPartList.setInput(BasicPartList.java:169)
	at org.jkiss.dbeaver.ui.e4.DBeaverStackRenderer.showAvailableItems(DBeaverStackRenderer.java:104)
	at org.eclipse.e4.ui.workbench.renderers.swt.StackRenderer.showAvailableItems(StackRenderer.java:1268)
	at org.eclipse.e4.ui.workbench.renderers.swt.StackRenderer$3.showList(StackRenderer.java:1233)
	at org.eclipse.swt.custom.CTabFolder.onSelection(CTabFolder.java:2196)
	at org.eclipse.swt.custom.CTabFolder.lambda$0(CTabFolder.java:340)
	at org.eclipse.swt.widgets.EventTable.sendEvent(EventTable.java:91)
	at org.eclipse.swt.widgets.Display.sendEvent(Display.java:4404)
	at org.eclipse.swt.widgets.Widget.sendEvent(Widget.java:1173)
	at org.eclipse.swt.widgets.Display.runDeferredEvents(Display.java:4202)
	at org.eclipse.swt.widgets.Display.readAndDispatch(Display.java:3790)
	at org.eclipse.e4.ui.internal.workbench.swt.PartRenderingEngine$5.run(PartRenderingEngine.java:1151)
	at org.eclipse.core.databinding.observable.Realm.runWithDefault(Realm.java:339)
	at org.eclipse.e4.ui.internal.workbench.swt.PartRenderingEngine.run(PartRenderingEngine.java:1042)
	at org.eclipse.e4.ui.internal.workbench.E4Workbench.createAndRunUI(E4Workbench.java:153)
	at org.eclipse.ui.internal.Workbench.lambda$3(Workbench.java:663)
	at org.eclipse.core.databinding.observable.Realm.runWithDefault(Realm.java:339)
	at org.eclipse.ui.internal.Workbench.createAndRunWorkbench(Workbench.java:570)
	at org.eclipse.ui.PlatformUI.createAndRunWorkbench(PlatformUI.java:173)
	at org.jkiss.dbeaver.ui.app.standalone.DBeaverApplication.start(DBeaverApplication.java:293)
	at org.eclipse.equinox.internal.app.EclipseAppHandle.run(EclipseAppHandle.java:208)
	at org.eclipse.core.runtime.internal.adaptor.EclipseAppLauncher.runApplication(EclipseAppLauncher.java:143)
	at org.eclipse.core.runtime.internal.adaptor.EclipseAppLauncher.start(EclipseAppLauncher.java:109)
	at org.eclipse.core.runtime.adaptor.EclipseStarter.run(EclipseStarter.java:439)
	at org.eclipse.core.runtime.adaptor.EclipseStarter.run(EclipseStarter.java:271)
	at java.base/jdk.internal.reflect.DirectMethodHandleAccessor.invoke(Unknown Source)
	at java.base/java.lang.reflect.Method.invoke(Unknown Source)
	at org.jkiss.dbeaver.launcher.DBeaverLauncher.invokeFramework(DBeaverLauncher.java:650)
	at org.jkiss.dbeaver.launcher.DBeaverLauncher.basicRun(DBeaverLauncher.java:610)
	at org.jkiss.dbeaver.launcher.DBeaverLauncher.run(DBeaverLauncher.java:1461)
2025-04-21 15:03:51.542 - Execution context closed (postgres, 6)
2025-04-21 15:03:51.577 - Execution context closed (postgres, 4)
2025-04-21 15:03:51.612 - Execution context closed (postgres, 5)
2025-04-21 15:03:51.661 - Execution context closed (postgres, 7)
2025-04-21 15:04:11.914 - Dispose navigator model
2025-04-21 15:04:11.934 - DBeaver is stopping
2025-04-21 15:04:11.935 - Stop instance server
2025-04-21 15:04:12.944 - Instance server has been stopped
2025-04-21 15:04:12.944 - DBeaver shutdown completed
