2025-04-18 18:00:43.618 - DBeaver 24.3.4.202502021521 is starting
2025-04-18 18:00:43.620 - OS: Windows 10 10.0 (amd64)
2025-04-18 18:00:43.621 - Java version: 21.0.5 by Eclipse Adoptium (64bit)
2025-04-18 18:00:43.621 - Install path: 'C:\Users\Egorgorgor\AppData\Local\DBeaver'
2025-04-18 18:00:43.621 - Instance path: 'file:/C:/Users/Egorgorgor/AppData/Roaming/DBeaverData/workspace6/'
2025-04-18 18:00:43.623 - Memory available 64Mb/1024Mb
2025-04-18 18:00:43.623 - Platform not initialized: metadata folder may be not set
2025-04-18 18:00:43.634 - Create display
2025-04-18 18:00:43.712 - Initialize desktop platform...
2025-04-18 18:00:43.831 - BounceCastle bundle found. Use JCE provider BC
> Start Core File Systems [org.eclipse.core.filesystem 1.11.100.v20241022-0806]
> Start Core Resource Management [org.eclipse.core.resources 3.22.0.v20241001-1711]
> Start Ядро поддержки совместной работы [org.eclipse.team.core 3.10.500.v20240621-0541]
> Start DBeaver UI Navigator [org.jkiss.dbeaver.ui.navigator 1.0.148.202502021521]
2025-04-18 18:00:44.019 - Initialize base platform...
> Start DBeaver UI Editors - Base [org.jkiss.dbeaver.ui.editors.base 1.0.148.202502021521]
2025-04-18 18:00:44.052 - Platform initialized (340ms)
2025-04-18 18:00:44.319 - Error accessing instance server: java.net.ConnectException
2025-04-18 18:00:44.340 - Starting instance server at http://localhost:61767
2025-04-18 18:00:44.346 - Run workbench
> Start Eclipse e4 SWT рабочая среда [org.eclipse.e4.ui.workbench.swt 0.17.600.v20241015-1729]
> Start Eclipse Application Services [org.eclipse.e4.core.services 2.5.0.v20241015-2219]
> Start Eclipse UI Application Services [org.eclipse.e4.ui.services 1.6.400.v20241015-1729]
> Start Eclipse e4 Progress View [org.eclipse.e4.ui.progress 0.4.700.v20241015-1729]
> Start Eclipse Bindings Support [org.eclipse.e4.ui.bindings 0.14.500.v20241015-1729]
> Start Eclipse e4 core commands [org.eclipse.e4.core.commands 1.1.500.v20241015-1729]
> Start EMF XML/XMI Persistence [org.eclipse.emf.ecore.xmi 2.38.0.v20240721-0634]
> Start Eclipse CSS SWT Theme Support [org.eclipse.e4.ui.css.swt.theme 0.14.400.v20240424-0956]
> Start Eclipse e4 дополнения рабочей среды [org.eclipse.e4.ui.workbench.addons.swt 1.5.600.v20241107-2150]
Warning: NLS unused message: Workbench_missingPropertyMessage in: org.eclipse.ui.internal.messages
Warning: NLS unused message: WorkbenchPreference_reuseEditorsThreshold in: org.eclipse.ui.internal.messages
> Start Eclipse e4 SWT визуализация рабочей среды [org.eclipse.e4.ui.workbench.renderers.swt 0.16.600.v20241008-1401]
> Start Eclipse Dependency Injection Extensions [org.eclipse.e4.core.di.extensions 0.18.300.v20240413-1529]
> Start Eclipse CSS SWT Support [org.eclipse.e4.ui.css.swt 0.15.400.v20240321-1245]
Warning: NLS unused message: UriHandlerPreferencePage_Warning_OtherApp in: org.eclipse.ui.internal.ide.messages
> Start Текстовый редактор по умолчанию [org.eclipse.ui.editors 3.19.0.v20241106-0945]
> Start Структура Текстового Редактора [org.eclipse.ui.workbench.texteditor 3.19.0.v20241112-1917]
2025-04-18 18:00:45.878 - Configure workbench window
> Start DBeaver SQL Model [org.jkiss.dbeaver.model.sql 1.0.138.202502021521]
2025-04-18 18:00:46.044 - Total database drivers: 124 (124)
> Start Ядро Справочной Системы [org.eclipse.help 3.10.400.v20240415-0528]
2025-04-18 18:00:46.137 - Create actions
2025-04-18 18:00:46.145 - Disable Eclipse action set 'org.eclipse.ui.edit.text.actionSet.annotationNavigation'
2025-04-18 18:00:46.146 - Disable Eclipse action set 'org.eclipse.ui.WorkingSetActionSet'
2025-04-18 18:00:46.146 - Disable Eclipse action set 'org.eclipse.ui.actionSet.openFiles'
2025-04-18 18:00:46.146 - Create workbench actions
2025-04-18 18:00:46.551 - Initialize workbench window
2025-04-18 18:00:46.557 - Finish initialization
> Start DBeaver UI Editors - Data [org.jkiss.dbeaver.ui.editors.data 1.0.148.202502021521]
> Start DBeaver UI Editors - SQL [org.jkiss.dbeaver.ui.editors.sql 1.0.148.202502021521]
Warning: NLS unused message: FindReplace_title in: org.eclipse.ui.texteditor.EditorMessages
Warning: NLS unused message: FindReplace_Find_label in: org.eclipse.ui.texteditor.EditorMessages
Warning: NLS unused message: FindReplace_Replace_label in: org.eclipse.ui.texteditor.EditorMessages
Warning: NLS unused message: FindReplace_Direction in: org.eclipse.ui.texteditor.EditorMessages
Warning: NLS unused message: FindReplace_ForwardRadioButton_label in: org.eclipse.ui.texteditor.EditorMessages
Warning: NLS unused message: FindReplace_BackwardRadioButton_label in: org.eclipse.ui.texteditor.EditorMessages
Warning: NLS unused message: FindReplace_Scope in: org.eclipse.ui.texteditor.EditorMessages
Warning: NLS unused message: FindReplace_GlobalRadioButton_label in: org.eclipse.ui.texteditor.EditorMessages
Warning: NLS unused message: FindReplace_SelectedRangeRadioButton_label in: org.eclipse.ui.texteditor.EditorMessages
Warning: NLS unused message: FindReplace_Options in: org.eclipse.ui.texteditor.EditorMessages
Warning: NLS unused message: FindReplace_CaseCheckBox_label in: org.eclipse.ui.texteditor.EditorMessages
Warning: NLS unused message: FindReplace_WrapCheckBox_label in: org.eclipse.ui.texteditor.EditorMessages
Warning: NLS unused message: FindReplace_WholeWordCheckBox_label in: org.eclipse.ui.texteditor.EditorMessages
Warning: NLS unused message: FindReplace_IncrementalCheckBox_label in: org.eclipse.ui.texteditor.EditorMessages
Warning: NLS unused message: FindReplace_RegExCheckbox_label in: org.eclipse.ui.texteditor.EditorMessages
Warning: NLS unused message: FindReplace_FindNextButton_label in: org.eclipse.ui.texteditor.EditorMessages
Warning: NLS unused message: FindReplace_ReplaceFindButton_label in: org.eclipse.ui.texteditor.EditorMessages
Warning: NLS unused message: FindReplace_ReplaceSelectionButton_label in: org.eclipse.ui.texteditor.EditorMessages
Warning: NLS unused message: FindReplace_ReplaceAllButton_label in: org.eclipse.ui.texteditor.EditorMessages
Warning: NLS unused message: FindReplace_SelectAllButton_label in: org.eclipse.ui.texteditor.EditorMessages
Warning: NLS unused message: FindReplace_CloseButton_label in: org.eclipse.ui.texteditor.EditorMessages
Warning: NLS unused message: FindReplace_Status_noMatch_label in: org.eclipse.ui.texteditor.EditorMessages
Warning: NLS unused message: FindReplace_Status_noMatchWithValue_label in: org.eclipse.ui.texteditor.EditorMessages
Warning: NLS unused message: FindReplace_Status_replacement_label in: org.eclipse.ui.texteditor.EditorMessages
Warning: NLS unused message: FindReplace_Status_replacements_label in: org.eclipse.ui.texteditor.EditorMessages
Warning: NLS unused message: FindReplace_Status_wrapped_label in: org.eclipse.ui.texteditor.EditorMessages
> Start DBeaver SQL Terminal [org.jkiss.dbeaver.ui.editors.sql.terminal 1.0.124.202502021521]
> Start Базовая поддержка сравнения [org.eclipse.compare.core 3.8.600.v20240915-0814]
> Start Internet Connection Management UI [org.eclipse.ui.net 1.5.400.v20240413-1529]
> Start Internet Connection Management [org.eclipse.core.net 1.5.500.v20240625-1706]
> Start DBeaver Sample Database [org.jkiss.dbeaver.ext.sample.database 1.0.185.202502021521]
> Start DBeaver Tip of the day [org.jkiss.dbeaver.ext.ui.tipoftheday 1.0.154.202502021521]
> Start GEF Classic Draw2d [org.eclipse.draw2d 3.18.0.202411181923]
> Start GEF Classic GEF (MVC) [org.eclipse.gef 3.20.0.202411181923]
> Start DBeaver ERD UI [org.jkiss.dbeaver.erd.ui 3.0.108.202502021521]
> Start DBeaver ERD Model [org.jkiss.dbeaver.erd.model 1.0.108.202502021521]
> Start DBeaver Dashboard UI [org.jkiss.dbeaver.ui.dashboard 1.0.145.202502021521]
> Start DBeaver UI Editors - Connections [org.jkiss.dbeaver.ui.editors.connection 1.0.139.202502021521]
> Start DBeaver JDBC Model [org.jkiss.dbeaver.model.jdbc 1.0.41.202502021521]
> Start DBeaver PostgreSQL Model [org.jkiss.dbeaver.ext.postgresql 2.1.221.202502021521]
> Start Консоль [org.eclipse.ui.console 3.14.200.v20240918-1457]
> Start Отладка ядра [org.eclipse.debug.core 3.22.0.v20241113-1056]
2025-04-18 18:00:48.221 - Connect with 'postgres' (postgres-jdbc-194dfb940fe-549b27957cf9af)
> Start DBeaver GIS Support [org.jkiss.dbeaver.data.gis 1.0.172.202502021521]
2025-04-18 18:00:48.272 - Execution context opened (postgres; Main <postgres>; 0)
2025-04-18 18:00:48.274 - Initiate connection to PostgreSQL database [postgres@localhost] for Main <postgres>
2025-04-18 18:00:48.464 - Execution context opened (postgres; Metadata <postgres>; 1)
2025-04-18 18:00:48.464 - Initiate connection to PostgreSQL database [postgres@localhost] for Metadata <postgres>
2025-04-18 18:00:48.574 - Connected (postgres-jdbc-194dfb940fe-549b27957cf9af, PostgreSQL JDBC Driver [42.7.2])
2025-04-18 18:00:48.583 - Execution context opened (postgres; SQLEditor <Script.sql>; 2)
2025-04-18 18:00:48.584 - Initiate connection to PostgreSQL database [postgres@localhost] for SQLEditor <Script.sql>
> Start DBeaver SQL Language Semantic Model [org.jkiss.dbeaver.model.lsm 1.0.43.202502021521]
2025-04-18 18:00:50.446 - Open [https://dbeaver.io/product/version.xml]
> Start DBeaver Tasks - Native Tools UI [org.jkiss.dbeaver.tasks.native.ui 1.0.126.202502021521]
> Start DBeaver PostgreSQL UI [org.jkiss.dbeaver.ext.postgresql.ui 1.0.124.202502021521]
> Start DBeaver Tasks - General UI [org.jkiss.dbeaver.tasks.ui 1.0.126.202502021521]
2025-04-18 18:19:16.209 - Execution context opened (postgres; SQLEditor <Script.sql>; 3)
2025-04-18 18:19:16.209 - Initiate connection to PostgreSQL database [postgres@localhost] for SQLEditor <Script.sql>
2025-04-18 18:22:03.483 - java.lang.IndexOutOfBoundsException: Index -1 out of bounds for length 0
	at java.base/jdk.internal.util.Preconditions.outOfBounds(Unknown Source)
	at java.base/jdk.internal.util.Preconditions.outOfBoundsCheckIndex(Unknown Source)
	at java.base/jdk.internal.util.Preconditions.checkIndex(Unknown Source)
	at java.base/java.util.Objects.checkIndex(Unknown Source)
	at java.base/java.util.ArrayList.get(Unknown Source)
	at org.jkiss.dbeaver.model.stm.LSMInspections.prepareAbstractSyntaxInspection(LSMInspections.java:188)
	at org.jkiss.dbeaver.ui.editors.sql.semantics.SQLBackgroundParsingJob.prepareCompletionContext(SQLBackgroundParsingJob.java:237)
	at org.jkiss.dbeaver.ui.editors.sql.semantics.SQLBackgroundParsingJob.obtainCompletionContext(SQLBackgroundParsingJob.java:191)
	at org.jkiss.dbeaver.ui.editors.sql.SQLEditorBase.obtainCompletionContext(SQLEditorBase.java:224)
	at org.jkiss.dbeaver.ui.editors.sql.semantics.SQLQueryCompletionAnalyzer.run(SQLQueryCompletionAnalyzer.java:74)
	at org.jkiss.dbeaver.ui.editors.sql.semantics.SQLQueryCompletionAnalyzer.run(SQLQueryCompletionAnalyzer.java:1)
	at org.jkiss.dbeaver.model.exec.DBExecUtils.tryExecuteRecover(DBExecUtils.java:192)
	at org.jkiss.dbeaver.ui.editors.sql.syntax.SQLCompletionProcessor$NewProposalSearchJob.run(SQLCompletionProcessor.java:543)
	at org.jkiss.dbeaver.model.runtime.AbstractJob.run(AbstractJob.java:119)
	at org.eclipse.core.internal.jobs.Worker.run(Worker.java:63)
2025-04-18 18:22:09.816 - java.lang.IndexOutOfBoundsException: Index -1 out of bounds for length 0
	at java.base/jdk.internal.util.Preconditions.outOfBounds(Unknown Source)
	at java.base/jdk.internal.util.Preconditions.outOfBoundsCheckIndex(Unknown Source)
	at java.base/jdk.internal.util.Preconditions.checkIndex(Unknown Source)
	at java.base/java.util.Objects.checkIndex(Unknown Source)
	at java.base/java.util.ArrayList.get(Unknown Source)
	at org.jkiss.dbeaver.model.stm.LSMInspections.prepareAbstractSyntaxInspection(LSMInspections.java:188)
	at org.jkiss.dbeaver.ui.editors.sql.semantics.SQLBackgroundParsingJob.prepareCompletionContext(SQLBackgroundParsingJob.java:237)
	at org.jkiss.dbeaver.ui.editors.sql.semantics.SQLBackgroundParsingJob.obtainCompletionContext(SQLBackgroundParsingJob.java:191)
	at org.jkiss.dbeaver.ui.editors.sql.SQLEditorBase.obtainCompletionContext(SQLEditorBase.java:224)
	at org.jkiss.dbeaver.ui.editors.sql.semantics.SQLQueryCompletionAnalyzer.run(SQLQueryCompletionAnalyzer.java:74)
	at org.jkiss.dbeaver.ui.editors.sql.semantics.SQLQueryCompletionAnalyzer.run(SQLQueryCompletionAnalyzer.java:1)
	at org.jkiss.dbeaver.model.exec.DBExecUtils.tryExecuteRecover(DBExecUtils.java:192)
	at org.jkiss.dbeaver.ui.editors.sql.syntax.SQLCompletionProcessor$NewProposalSearchJob.run(SQLCompletionProcessor.java:543)
	at org.jkiss.dbeaver.model.runtime.AbstractJob.run(AbstractJob.java:119)
	at org.eclipse.core.internal.jobs.Worker.run(Worker.java:63)
2025-04-18 18:23:33.559 - SQL Error [23505]: ОШИБКА: повторяющееся значение ключа нарушает ограничение уникальности "abilities_ability_name_key"
  Подробности: Ключ "(ability_name)=(Overgrow)" уже существует.

Позиция ошибки:
org.jkiss.dbeaver.model.sql.DBSQLException: SQL Error [23505]: ОШИБКА: повторяющееся значение ключа нарушает ограничение уникальности "abilities_ability_name_key"
  Подробности: Ключ "(ability_name)=(Overgrow)" уже существует.
	at org.jkiss.dbeaver.model.impl.jdbc.exec.JDBCStatementImpl.executeStatement(JDBCStatementImpl.java:130)
	at org.jkiss.dbeaver.ui.editors.sql.execute.SQLQueryJob.executeStatement(SQLQueryJob.java:653)
	at org.jkiss.dbeaver.ui.editors.sql.execute.SQLQueryJob.lambda$2(SQLQueryJob.java:546)
	at org.jkiss.dbeaver.ui.editors.sql.execute.SQLQueryJob.executeSingleQuery(SQLQueryJob.java:568)
	at org.jkiss.dbeaver.ui.editors.sql.execute.SQLQueryJob.extractData(SQLQueryJob.java:1038)
	at org.jkiss.dbeaver.ui.editors.sql.SQLEditor$QueryResultsContainer.readData(SQLEditor.java:4303)
	at org.jkiss.dbeaver.ui.controls.resultset.ResultSetJobDataRead.lambda$0(ResultSetJobDataRead.java:128)
	at org.jkiss.dbeaver.model.exec.DBExecUtils.tryExecuteRecover(DBExecUtils.java:192)
	at org.jkiss.dbeaver.ui.controls.resultset.ResultSetJobDataRead.run(ResultSetJobDataRead.java:126)
	at org.jkiss.dbeaver.ui.controls.resultset.ResultSetViewer$ResultSetDataPumpJob.run(ResultSetViewer.java:5068)
	at org.jkiss.dbeaver.model.runtime.AbstractJob.run(AbstractJob.java:119)
	at org.eclipse.core.internal.jobs.Worker.run(Worker.java:63)
Caused by: org.postgresql.util.PSQLException: ОШИБКА: повторяющееся значение ключа нарушает ограничение уникальности "abilities_ability_name_key"
  Подробности: Ключ "(ability_name)=(Overgrow)" уже существует.
	at org.postgresql.core.v3.QueryExecutorImpl.receiveErrorResponse(QueryExecutorImpl.java:2725)
	at org.postgresql.core.v3.QueryExecutorImpl.processResults(QueryExecutorImpl.java:2412)
	at org.postgresql.core.v3.QueryExecutorImpl.execute(QueryExecutorImpl.java:371)
	at org.postgresql.jdbc.PgStatement.executeInternal(PgStatement.java:502)
	at org.postgresql.jdbc.PgStatement.execute(PgStatement.java:419)
	at org.postgresql.jdbc.PgStatement.executeWithFlags(PgStatement.java:341)
	at org.postgresql.jdbc.PgStatement.executeCachedSql(PgStatement.java:326)
	at org.postgresql.jdbc.PgStatement.executeWithFlags(PgStatement.java:302)
	at org.postgresql.jdbc.PgStatement.execute(PgStatement.java:297)
	at org.jkiss.dbeaver.model.impl.jdbc.exec.JDBCStatementImpl.execute(JDBCStatementImpl.java:344)
	at org.jkiss.dbeaver.model.impl.jdbc.exec.JDBCStatementImpl.executeStatement(JDBCStatementImpl.java:128)
	... 11 more
> Start DBeaver Data Transfer [org.jkiss.dbeaver.data.transfer 2.0.132.202502021521]
2025-04-18 18:25:16.604 - ОШИБКА: удалить объект таблица abilities нельзя, так как от него зависят другие объекты
  Подробности: ограничение pokemon_abilities_ability_id_fkey в отношении таблица pokemon_abilities зависит от объекта таблица abilities
  Подсказка: Для удаления зависимых объектов используйте DROP ... CASCADE.
org.postgresql.util.PSQLException: ОШИБКА: удалить объект таблица abilities нельзя, так как от него зависят другие объекты
  Подробности: ограничение pokemon_abilities_ability_id_fkey в отношении таблица pokemon_abilities зависит от объекта таблица abilities
  Подсказка: Для удаления зависимых объектов используйте DROP ... CASCADE.
	at org.postgresql.core.v3.QueryExecutorImpl.receiveErrorResponse(QueryExecutorImpl.java:2725)
	at org.postgresql.core.v3.QueryExecutorImpl.processResults(QueryExecutorImpl.java:2412)
	at org.postgresql.core.v3.QueryExecutorImpl.execute(QueryExecutorImpl.java:371)
	at org.postgresql.jdbc.PgStatement.executeInternal(PgStatement.java:502)
	at org.postgresql.jdbc.PgStatement.execute(PgStatement.java:419)
	at org.postgresql.jdbc.PgStatement.executeWithFlags(PgStatement.java:341)
	at org.postgresql.jdbc.PgStatement.executeCachedSql(PgStatement.java:326)
	at org.postgresql.jdbc.PgStatement.executeWithFlags(PgStatement.java:302)
	at org.postgresql.jdbc.PgStatement.execute(PgStatement.java:297)
	at org.jkiss.dbeaver.model.impl.jdbc.exec.JDBCStatementImpl.execute(JDBCStatementImpl.java:344)
	at org.jkiss.dbeaver.model.impl.jdbc.exec.JDBCStatementImpl.executeStatement(JDBCStatementImpl.java:128)
	at org.jkiss.dbeaver.model.exec.DBExecUtils.executePersistAction(DBExecUtils.java:361)
	at org.jkiss.dbeaver.model.impl.edit.AbstractObjectManager.executePersistAction(AbstractObjectManager.java:40)
	at org.jkiss.dbeaver.model.impl.edit.AbstractCommandContext.executeCommands(AbstractCommandContext.java:198)
	at org.jkiss.dbeaver.model.impl.edit.AbstractCommandContext.saveChanges(AbstractCommandContext.java:125)
	at org.jkiss.dbeaver.ui.navigator.actions.NavigatorHandlerObjectBase$ObjectSaver.run(NavigatorHandlerObjectBase.java:297)
	at org.jkiss.dbeaver.runtime.TasksJob.run(TasksJob.java:58)
	at org.jkiss.dbeaver.model.runtime.AbstractJob.run(AbstractJob.java:119)
	at org.eclipse.core.internal.jobs.Worker.run(Worker.java:63)
> Start DBeaver Tasks View [org.jkiss.dbeaver.tasks.ui.view 1.0.97.202502021521]
2025-04-18 18:25:49.104 - Execution context opened (postgres; SQLEditor <creating_tables.sql>; 4)
2025-04-18 18:25:49.104 - Initiate connection to PostgreSQL database [postgres@localhost] for SQLEditor <creating_tables.sql>
2025-04-18 18:59:21.337 - ОШИБКА: удалить объект таблица attack нельзя, так как от него зависят другие объекты
  Подробности: ограничение pokemon_attack_attack_id_fkey в отношении таблица pokemon_attack зависит от объекта таблица attack
  Подсказка: Для удаления зависимых объектов используйте DROP ... CASCADE.
org.postgresql.util.PSQLException: ОШИБКА: удалить объект таблица attack нельзя, так как от него зависят другие объекты
  Подробности: ограничение pokemon_attack_attack_id_fkey в отношении таблица pokemon_attack зависит от объекта таблица attack
  Подсказка: Для удаления зависимых объектов используйте DROP ... CASCADE.
	at org.postgresql.core.v3.QueryExecutorImpl.receiveErrorResponse(QueryExecutorImpl.java:2725)
	at org.postgresql.core.v3.QueryExecutorImpl.processResults(QueryExecutorImpl.java:2412)
	at org.postgresql.core.v3.QueryExecutorImpl.execute(QueryExecutorImpl.java:371)
	at org.postgresql.jdbc.PgStatement.executeInternal(PgStatement.java:502)
	at org.postgresql.jdbc.PgStatement.execute(PgStatement.java:419)
	at org.postgresql.jdbc.PgStatement.executeWithFlags(PgStatement.java:341)
	at org.postgresql.jdbc.PgStatement.executeCachedSql(PgStatement.java:326)
	at org.postgresql.jdbc.PgStatement.executeWithFlags(PgStatement.java:302)
	at org.postgresql.jdbc.PgStatement.execute(PgStatement.java:297)
	at org.jkiss.dbeaver.model.impl.jdbc.exec.JDBCStatementImpl.execute(JDBCStatementImpl.java:344)
	at org.jkiss.dbeaver.model.impl.jdbc.exec.JDBCStatementImpl.executeStatement(JDBCStatementImpl.java:128)
	at org.jkiss.dbeaver.model.exec.DBExecUtils.executePersistAction(DBExecUtils.java:361)
	at org.jkiss.dbeaver.model.impl.edit.AbstractObjectManager.executePersistAction(AbstractObjectManager.java:40)
	at org.jkiss.dbeaver.model.impl.edit.AbstractCommandContext.executeCommands(AbstractCommandContext.java:198)
	at org.jkiss.dbeaver.model.impl.edit.AbstractCommandContext.saveChanges(AbstractCommandContext.java:125)
	at org.jkiss.dbeaver.ui.navigator.actions.NavigatorHandlerObjectBase$ObjectSaver.run(NavigatorHandlerObjectBase.java:297)
	at org.jkiss.dbeaver.runtime.TasksJob.run(TasksJob.java:58)
	at org.jkiss.dbeaver.model.runtime.AbstractJob.run(AbstractJob.java:119)
	at org.eclipse.core.internal.jobs.Worker.run(Worker.java:63)
2025-04-18 19:14:54.595 - Execution context opened (postgres; SQLEditor <Script.sql>; 5)
2025-04-18 19:14:54.596 - Initiate connection to PostgreSQL database [postgres@localhost] for SQLEditor <Script.sql>
2025-04-18 19:35:19.671 - SQL Error [42601]: ОШИБКА: ошибка синтаксиса (примерное положение: "(")
  Позиция: 216
org.jkiss.dbeaver.model.sql.DBSQLException: SQL Error [42601]: ОШИБКА: ошибка синтаксиса (примерное положение: "(")
  Позиция: 216
	at org.jkiss.dbeaver.model.impl.jdbc.exec.JDBCStatementImpl.executeStatement(JDBCStatementImpl.java:130)
	at org.jkiss.dbeaver.ui.editors.sql.execute.SQLQueryJob.executeStatement(SQLQueryJob.java:653)
	at org.jkiss.dbeaver.ui.editors.sql.execute.SQLQueryJob.lambda$2(SQLQueryJob.java:546)
	at org.jkiss.dbeaver.model.exec.DBExecUtils.tryExecuteRecover(DBExecUtils.java:192)
	at org.jkiss.dbeaver.ui.editors.sql.execute.SQLQueryJob.executeSingleQuery(SQLQueryJob.java:565)
	at org.jkiss.dbeaver.ui.editors.sql.execute.SQLQueryJob.extractData(SQLQueryJob.java:1038)
	at org.jkiss.dbeaver.ui.editors.sql.SQLEditor$QueryResultsContainer.readData(SQLEditor.java:4303)
	at org.jkiss.dbeaver.ui.controls.resultset.ResultSetJobDataRead.lambda$0(ResultSetJobDataRead.java:128)
	at org.jkiss.dbeaver.model.exec.DBExecUtils.tryExecuteRecover(DBExecUtils.java:192)
	at org.jkiss.dbeaver.ui.controls.resultset.ResultSetJobDataRead.run(ResultSetJobDataRead.java:126)
	at org.jkiss.dbeaver.ui.controls.resultset.ResultSetViewer$ResultSetDataPumpJob.run(ResultSetViewer.java:5068)
	at org.jkiss.dbeaver.model.runtime.AbstractJob.run(AbstractJob.java:119)
	at org.eclipse.core.internal.jobs.Worker.run(Worker.java:63)
Caused by: org.postgresql.util.PSQLException: ОШИБКА: ошибка синтаксиса (примерное положение: "(")
  Позиция: 216
	at org.postgresql.core.v3.QueryExecutorImpl.receiveErrorResponse(QueryExecutorImpl.java:2725)
	at org.postgresql.core.v3.QueryExecutorImpl.processResults(QueryExecutorImpl.java:2412)
	at org.postgresql.core.v3.QueryExecutorImpl.execute(QueryExecutorImpl.java:371)
	at org.postgresql.jdbc.PgStatement.executeInternal(PgStatement.java:502)
	at org.postgresql.jdbc.PgStatement.execute(PgStatement.java:419)
	at org.postgresql.jdbc.PgStatement.executeWithFlags(PgStatement.java:341)
	at org.postgresql.jdbc.PgStatement.executeCachedSql(PgStatement.java:326)
	at org.postgresql.jdbc.PgStatement.executeWithFlags(PgStatement.java:302)
	at org.postgresql.jdbc.PgStatement.execute(PgStatement.java:297)
	at org.jkiss.dbeaver.model.impl.jdbc.exec.JDBCStatementImpl.execute(JDBCStatementImpl.java:344)
	at org.jkiss.dbeaver.model.impl.jdbc.exec.JDBCStatementImpl.executeStatement(JDBCStatementImpl.java:128)
	... 12 more
2025-04-18 23:49:30.738 - Execution context closed (postgres, 0)
2025-04-18 23:49:30.767 - Execution context closed (postgres, 1)
2025-04-18 23:49:30.778 - Execution context closed (postgres, 2)
2025-04-18 23:49:30.790 - Execution context closed (postgres, 3)
2025-04-18 23:49:30.801 - Execution context closed (postgres, 4)
2025-04-18 23:49:30.814 - Execution context closed (postgres, 5)
2025-04-18 23:49:30.815 - Disconnected (postgres-jdbc-194dfb940fe-549b27957cf9af)
